TN:
SF:src\app\api\auth\refresh\route.ts
FN:13,POST
FNF:1
FNH:1
FNDA:6,POST
DA:10,1
DA:11,1
DA:13,1
DA:14,6
DA:15,6
DA:16,5
DA:19,5
DA:20,1
DA:30,4
DA:32,3
DA:33,1
DA:42,2
DA:50,2
DA:51,2
LF:14
LH:14
BRDA:19,0,0,1
BRDA:32,1,0,1
BRF:2
BRH:2
end_of_record
TN:
SF:src\lib\auth\auth-middleware.ts
FN:14,getJwtSecret
FN:43,extractToken
FN:71,verifyToken
FN:88,requireAuth
FN:94,(anonymous_5)
FN:134,requireRole
FN:137,(anonymous_7)
FN:166,optionalAuth
FN:172,(anonymous_9)
FNF:9
FNH:3
FNDA:3,getJwtSecret
FNDA:3,extractToken
FNDA:3,verifyToken
FNDA:0,requireAuth
FNDA:0,(anonymous_5)
FNDA:0,requireRole
FNDA:0,(anonymous_7)
FNDA:0,optionalAuth
FNDA:0,(anonymous_9)
DA:8,1
DA:15,3
DA:16,3
DA:17,0
DA:19,3
DA:43,1
DA:45,3
DA:46,3
DA:47,1
DA:51,2
DA:52,1
DA:53,1
DA:57,1
DA:58,1
DA:59,0
DA:60,0
DA:61,0
DA:65,1
DA:71,1
DA:72,3
DA:73,3
DA:75,2
DA:76,1
DA:78,1
DA:88,1
DA:94,0
DA:95,0
DA:97,0
DA:98,0
DA:103,0
DA:106,0
DA:107,0
DA:108,0
DA:109,0
DA:111,0
DA:113,0
DA:117,0
DA:134,1
DA:137,0
DA:142,0
DA:144,0
DA:150,0
DA:151,0
DA:156,0
DA:159,0
DA:166,1
DA:172,0
DA:173,0
DA:175,0
DA:176,0
DA:177,0
DA:178,0
DA:184,0
LF:53
LH:23
BRDA:16,0,0,0
BRDA:46,1,0,1
BRDA:51,2,0,1
BRDA:51,3,0,2
BRDA:51,3,1,1
BRDA:53,4,0,0
BRDA:53,4,1,1
BRDA:58,5,0,0
BRDA:60,6,0,0
BRDA:75,7,0,1
BRDA:80,8,0,1
BRDA:80,8,1,0
BRDA:97,9,0,0
BRDA:113,10,0,0
BRDA:113,10,1,0
BRDA:114,11,0,0
BRDA:114,11,1,0
BRDA:120,12,0,0
BRDA:120,12,1,0
BRDA:122,13,0,0
BRDA:122,13,1,0
BRDA:142,14,0,0
BRDA:142,14,1,0
BRDA:150,15,0,0
BRDA:175,16,0,0
BRF:25
BRH:7
end_of_record
TN:
SF:src\lib\auth\auth-service.ts
FN:37,getPrivateKey
FN:55,getPublicKey
FN:72,hashPassword
FN:79,verifyPassword
FN:89,generateAccessToken
FN:107,generateRefreshToken
FN:126,verifyToken
FN:137,verifyTokenSafe
FN:148,generateTokenPair
FN:158,isTokenExpired
FNF:10
FNH:10
FNDA:8,getPrivateKey
FNDA:2,getPublicKey
FNDA:6,hashPassword
FNDA:2,verifyPassword
FNDA:5,generateAccessToken
FNDA:3,generateRefreshToken
FNDA:2,verifyToken
FNDA:1,verifyTokenSafe
FNDA:2,generateTokenPair
FNDA:1,isTokenExpired
DA:7,4
DA:8,4
DA:10,4
DA:11,4
DA:16,4
DA:21,4
DA:26,4
DA:31,4
DA:38,8
DA:39,8
DA:40,8
DA:43,0
DA:44,0
DA:45,0
DA:47,0
DA:56,2
DA:57,2
DA:58,2
DA:61,0
DA:62,0
DA:63,0
DA:65,0
DA:72,4
DA:73,6
DA:79,4
DA:83,2
DA:89,4
DA:90,5
DA:96,5
DA:101,5
DA:107,4
DA:108,3
DA:114,3
DA:119,3
DA:126,4
DA:127,2
DA:131,2
DA:137,4
DA:138,1
DA:139,1
DA:141,1
DA:148,4
DA:149,2
DA:158,4
DA:159,1
DA:160,1
DA:161,1
DA:162,1
DA:164,0
DA:165,0
DA:167,0
LF:51
LH:40
BRDA:39,0,0,8
BRDA:43,1,0,0
BRDA:43,1,1,0
BRDA:57,2,0,2
BRDA:61,3,0,0
BRDA:61,3,1,0
BRDA:93,4,0,5
BRDA:93,4,1,0
BRDA:111,5,0,3
BRDA:111,5,1,0
BRDA:161,6,0,1
BRDA:161,7,0,1
BRDA:161,7,1,0
BRDA:165,8,0,0
BRDA:165,8,1,0
BRF:15
BRH:6
end_of_record
TN:
SF:src\lib\auth\jwt-middleware.ts
FN:38,createAuthMiddleware
FN:39,authMiddleware
FN:113,extractBearerToken
FN:129,createAuthErrorResponse
FNF:4
FNH:4
FNDA:8,createAuthMiddleware
FNDA:8,authMiddleware
FNDA:3,extractBearerToken
FNDA:3,createAuthErrorResponse
DA:7,1
DA:8,1
DA:38,1
DA:39,8
DA:43,8
DA:45,8
DA:46,1
DA:55,7
DA:56,7
DA:57,2
DA:65,5
DA:68,5
DA:69,1
DA:78,4
DA:79,4
DA:82,3
DA:83,3
DA:84,1
DA:92,2
DA:99,1
DA:113,1
DA:114,3
DA:115,1
DA:118,2
DA:119,2
DA:120,1
DA:123,1
DA:129,1
DA:133,3
LF:29
LH:29
BRDA:38,0,0,5
BRDA:45,1,0,1
BRDA:56,2,0,2
BRDA:56,3,0,7
BRDA:56,3,1,6
BRDA:68,4,0,1
BRDA:83,5,0,1
BRDA:114,6,0,1
BRDA:119,7,0,1
BRDA:119,8,0,2
BRDA:119,8,1,1
BRDA:139,9,0,1
BRDA:139,9,1,2
BRF:13
BRH:13
end_of_record
TN:
SF:src\lib\auth\token-refresh.ts
FN:32,refreshAccessToken
FNF:1
FNH:1
FNDA:7,refreshAccessToken
DA:7,1
DA:8,1
DA:32,1
DA:35,7
DA:37,7
DA:38,6
DA:39,1
DA:46,5
DA:47,5
DA:48,3
DA:49,1
DA:55,2
DA:63,2
DA:73,2
DA:76,2
DA:79,2
DA:80,2
DA:82,2
DA:90,1
DA:91,1
LF:20
LH:20
BRDA:38,0,0,1
BRDA:48,1,0,1
BRF:2
BRH:2
end_of_record
TN:
SF:src\lib\db\business-repository.ts
FN:13,getTableName
FN:21,initializeBusinessSchema
FN:39,rowToBusiness
FN:56,createBusiness
FN:76,findBusinessById
FN:91,findBusinessesByOwnerId
FNF:6
FNH:0
FNDA:0,getTableName
FNDA:0,initializeBusinessSchema
FNDA:0,rowToBusiness
FNDA:0,createBusiness
FNDA:0,findBusinessById
FNDA:0,findBusinessesByOwnerId
DA:14,0
DA:15,0
DA:21,1
DA:22,0
DA:40,0
DA:41,0
DA:56,1
DA:63,0
DA:64,0
DA:70,0
DA:76,1
DA:80,0
DA:81,0
DA:85,0
DA:91,1
DA:95,0
DA:96,0
DA:100,0
LF:18
LH:4
BRDA:15,0,0,0
BRDA:15,0,1,0
BRDA:68,1,0,0
BRDA:68,1,1,0
BRDA:85,2,0,0
BRDA:85,2,1,0
BRF:6
BRH:0
end_of_record
TN:
SF:src\lib\db\scrape-job-repository.ts
FN:20,initializeScrapeJobSchema
FN:53,createScrapeJob
FN:73,findScrapeJobById
FN:91,findAllScrapeJobs
FN:141,updateScrapeJobStatus
FN:163,updateScrapeJobBusinessCount
FNF:6
FNH:1
FNDA:1,initializeScrapeJobSchema
FNDA:0,createScrapeJob
FNDA:0,findScrapeJobById
FNDA:0,findAllScrapeJobs
FNDA:0,updateScrapeJobStatus
FNDA:0,updateScrapeJobBusinessCount
DA:15,1
DA:20,1
DA:21,1
DA:22,0
DA:23,0
DA:37,0
DA:42,0
DA:46,0
DA:53,1
DA:56,0
DA:57,0
DA:58,0
DA:64,0
DA:66,0
DA:73,1
DA:74,0
DA:75,0
DA:76,0
DA:82,0
DA:84,0
DA:91,1
DA:96,0
DA:97,0
DA:98,0
DA:99,0
DA:100,0
DA:104,0
DA:105,0
DA:107,0
DA:108,0
DA:109,0
DA:110,0
DA:111,0
DA:115,0
DA:116,0
DA:119,0
DA:120,0
DA:122,0
DA:124,0
DA:126,0
DA:134,0
DA:141,1
DA:145,0
DA:146,0
DA:147,0
DA:154,0
DA:156,0
DA:163,1
DA:167,0
DA:168,0
DA:169,0
DA:176,0
DA:178,0
LF:53
LH:8
BRDA:82,0,0,0
BRDA:82,0,1,0
BRDA:92,1,0,0
BRDA:93,2,0,0
BRDA:107,3,0,0
BRDA:154,4,0,0
BRDA:154,4,1,0
BRDA:176,5,0,0
BRDA:176,5,1,0
BRF:9
BRH:0
end_of_record
TN:
SF:src\lib\db\user-management-repository.ts
FN:21,initializeUserManagementSchema
FN:48,updateUserRole
FN:70,updateUserStatus
FN:92,findByIdWithRole
FN:112,getUsersPaginated
FN:163,getUserCountByRole
FN:179,getUserCountByStatus
FNF:7
FNH:1
FNDA:1,initializeUserManagementSchema
FNDA:0,updateUserRole
FNDA:0,updateUserStatus
FNDA:0,findByIdWithRole
FNDA:0,getUsersPaginated
FNDA:0,getUserCountByRole
FNDA:0,getUserCountByStatus
DA:16,1
DA:21,1
DA:22,1
DA:23,0
DA:25,0
DA:32,0
DA:37,0
DA:41,0
DA:48,1
DA:52,0
DA:53,0
DA:54,0
DA:61,0
DA:63,0
DA:70,1
DA:74,0
DA:75,0
DA:76,0
DA:83,0
DA:85,0
DA:92,1
DA:95,0
DA:96,0
DA:97,0
DA:103,0
DA:105,0
DA:112,1
DA:115,0
DA:116,0
DA:118,0
DA:119,0
DA:121,0
DA:122,0
DA:126,0
DA:127,0
DA:129,0
DA:130,0
DA:131,0
DA:132,0
DA:133,0
DA:137,0
DA:138,0
DA:141,0
DA:142,0
DA:144,0
DA:146,0
DA:148,0
DA:156,0
DA:163,1
DA:164,0
DA:165,0
DA:166,0
DA:170,0
DA:172,0
DA:179,1
DA:180,0
DA:181,0
DA:182,0
DA:186,0
DA:188,0
LF:60
LH:9
BRDA:61,0,0,0
BRDA:61,0,1,0
BRDA:83,1,0,0
BRDA:83,1,1,0
BRDA:103,2,0,0
BRDA:103,2,1,0
BRDA:129,3,0,0
BRF:7
BRH:0
end_of_record
TN:
SF:src\lib\db\user-repository.ts
FN:22,getPool
FN:51,initializeUserSchema
FN:89,findByEmail
FN:105,findById
FN:121,create
FN:167,getPaginatedUsers
FN:227,updateUserRole
FN:249,closePool
FNF:8
FNH:2
FNDA:9,getPool
FNDA:0,initializeUserSchema
FNDA:0,findByEmail
FNDA:0,findById
FNDA:0,create
FNDA:0,getPaginatedUsers
FNDA:0,updateUserRole
FNDA:1,closePool
DA:7,3
DA:20,3
DA:22,3
DA:23,9
DA:24,6
DA:27,3
DA:28,3
DA:29,3
DA:30,3
DA:31,3
DA:34,3
DA:38,3
DA:45,3
DA:51,3
DA:52,0
DA:53,0
DA:54,0
DA:68,0
DA:73,0
DA:78,0
DA:82,0
DA:89,3
DA:90,0
DA:91,0
DA:92,0
DA:96,0
DA:98,0
DA:105,3
DA:106,0
DA:107,0
DA:108,0
DA:112,0
DA:114,0
DA:121,3
DA:128,0
DA:129,0
DA:130,0
DA:136,0
DA:138,0
DA:167,3
DA:170,0
DA:171,0
DA:173,0
DA:175,0
DA:176,0
DA:177,0
DA:179,0
DA:180,0
DA:181,0
DA:184,0
DA:185,0
DA:186,0
DA:189,0
DA:190,0
DA:191,0
DA:194,0
DA:199,0
DA:200,0
DA:201,0
DA:204,0
DA:205,0
DA:210,0
DA:212,0
DA:220,0
DA:227,3
DA:231,0
DA:232,0
DA:233,0
DA:240,0
DA:242,0
DA:249,3
DA:250,1
DA:251,1
DA:252,1
LF:74
LH:23
BRDA:23,0,0,6
BRDA:27,1,0,3
BRDA:27,1,1,3
BRDA:28,2,0,3
BRDA:28,2,1,3
BRDA:29,3,0,3
BRDA:29,3,1,3
BRDA:30,4,0,3
BRDA:30,4,1,3
BRDA:31,5,0,3
BRDA:31,5,1,3
BRDA:34,6,0,0
BRDA:34,6,1,3
BRDA:96,7,0,0
BRDA:96,7,1,0
BRDA:112,8,0,0
BRDA:112,8,1,0
BRDA:125,9,0,0
BRDA:126,10,0,0
BRDA:179,11,0,0
BRDA:184,12,0,0
BRDA:189,13,0,0
BRDA:194,14,0,0
BRDA:194,14,1,0
BRDA:240,15,0,0
BRDA:240,15,1,0
BRDA:250,16,0,1
BRF:27
BRH:13
end_of_record
TN:
SF:src\lib\graphql\graphql-client.ts
FN:5,getApiBaseUrl
FN:33,graphqlQuery
FN:68,fetchBusinessById
FNF:3
FNH:3
FNDA:10,getApiBaseUrl
FNDA:10,graphqlQuery
FNDA:5,fetchBusinessById
DA:6,10
DA:33,1
DA:37,10
DA:48,10
DA:49,2
DA:52,8
DA:54,8
DA:55,1
DA:58,7
DA:59,1
DA:62,6
DA:68,1
DA:69,5
DA:83,5
DA:84,4
LF:15
LH:15
BRDA:6,0,0,10
BRDA:6,0,1,9
BRDA:48,1,0,2
BRDA:54,2,0,1
BRDA:54,3,0,8
BRDA:54,3,1,1
BRDA:58,4,0,1
BRF:7
BRH:7
end_of_record
TN:
SF:src\lib\nats\cache-invalidator.ts
FN:25,resetCacheInvalidationSubscription
FN:33,subscribeToCacheInvalidation
FN:42,(anonymous_2)
FN:70,unsubscribeFromCacheInvalidation
FNF:4
FNH:4
FNDA:16,resetCacheInvalidationSubscription
FNDA:9,subscribeToCacheInvalidation
FNDA:4,(anonymous_2)
FNDA:11,unsubscribeFromCacheInvalidation
DA:7,1
DA:8,1
DA:20,1
DA:25,1
DA:26,16
DA:33,1
DA:34,9
DA:36,9
DA:37,1
DA:38,1
DA:41,8
DA:43,4
DA:44,4
DA:45,4
DA:47,3
DA:48,1
DA:49,1
DA:52,2
DA:53,2
DA:55,1
DA:59,2
DA:64,8
DA:70,1
DA:71,11
DA:72,8
DA:73,8
DA:74,8
LF:27
LH:27
BRDA:36,0,0,1
BRDA:47,1,0,1
BRDA:56,2,0,0
BRDA:56,2,1,1
BRDA:71,3,0,8
BRF:5
BRH:4
end_of_record
TN:
SF:src\services\duplicate-detection-service.ts
FN:72,checkForDuplicate
FN:119,normalizeAddress
FNF:2
FNH:2
FNDA:10,checkForDuplicate
FNDA:4,normalizeAddress
DA:8,1
DA:31,1
DA:72,1
DA:78,10
DA:84,10
DA:91,10
DA:94,10
DA:95,10
DA:98,10
DA:100,10
DA:119,1
DA:120,4
LF:12
LH:12
BRDA:75,0,0,9
BRDA:98,1,0,10
BRDA:98,1,1,6
BRF:3
BRH:3
end_of_record
TN:
SF:src\services\image-service.ts
FN:17,(anonymous_0)
FN:17,(anonymous_1)
FN:22,generateUuid
FN:23,(anonymous_3)
FN:33,randomInt
FN:40,randomChoice
FN:47,randomChoices
FN:48,(anonymous_7)
FN:56,generateMinIOUrl
FN:64,generateImagesForBusiness
FN:78,(anonymous_10)
FN:103,generateImagesForBusinesses
FN:106,(anonymous_12)
FN:114,validateBusinessImageData
FN:158,(anonymous_14)
FN:173,validateAllBusinessImageData
FN:179,(anonymous_16)
FN:189,(anonymous_17)
FNF:18
FNH:15
FNDA:0,(anonymous_0)
FNDA:0,(anonymous_1)
FNDA:768,generateUuid
FNDA:23808,(anonymous_3)
FNDA:263,randomInt
FNDA:0,randomChoice
FNDA:263,randomChoices
FNDA:1791,(anonymous_7)
FNDA:768,generateMinIOUrl
FNDA:263,generateImagesForBusiness
FNDA:768,(anonymous_10)
FNDA:10,generateImagesForBusinesses
FNDA:219,(anonymous_12)
FNDA:60,validateBusinessImageData
FNDA:163,(anonymous_14)
FNDA:4,validateAllBusinessImageData
FNDA:40,(anonymous_16)
FNDA:40,(anonymous_17)
DA:11,3
DA:17,3
DA:23,768
DA:24,23808
DA:25,23808
DA:26,23808
DA:34,263
DA:41,0
DA:48,1791
DA:49,263
DA:57,768
DA:64,3
DA:69,263
DA:71,263
DA:72,0
DA:75,263
DA:76,263
DA:78,263
DA:79,768
DA:80,768
DA:82,768
DA:92,263
DA:103,3
DA:106,10
DA:107,219
DA:114,3
DA:117,60
DA:120,60
DA:121,4
DA:127,60
DA:128,165
DA:129,1
DA:131,165
DA:132,2
DA:136,165
DA:137,0
DA:139,165
DA:140,3
DA:142,165
DA:143,0
DA:148,60
DA:149,165
DA:150,2
DA:157,60
DA:158,163
DA:160,60
DA:161,2
DA:164,60
DA:173,3
DA:179,4
DA:180,40
DA:181,40
DA:189,40
DA:191,4
LF:54
LH:50
BRDA:25,0,0,23040
BRDA:25,0,1,768
BRDA:71,1,0,0
BRDA:120,2,0,4
BRDA:120,3,0,60
BRDA:120,3,1,56
BRDA:128,4,0,1
BRDA:131,5,0,2
BRDA:136,6,0,0
BRDA:139,7,0,3
BRDA:139,8,0,165
BRDA:139,8,1,162
BRDA:142,9,0,0
BRDA:149,10,0,2
BRDA:149,11,0,165
BRDA:149,11,1,162
BRDA:160,12,0,2
BRF:17
BRH:14
end_of_record
TN:
SF:src\services\review-service.ts
FN:78,randomInt
FN:85,randomDateWithinSixMonths
FN:99,randomChoice
FN:106,generateReviewText
FN:132,generateReviewerName
FN:141,generateRating
FN:151,generateReviewsForBusiness
FN:195,generateReviewsForBusinesses
FN:196,(anonymous_8)
FN:202,validateAllBusinessReviews
FN:206,(anonymous_10)
FN:215,(anonymous_11)
FNF:12
FNH:12
FNDA:1242,randomInt
FNDA:354,randomDateWithinSixMonths
FNDA:708,randomChoice
FNDA:354,generateReviewText
FNDA:354,generateReviewerName
FNDA:354,generateRating
FNDA:90,generateReviewsForBusiness
FNDA:3,generateReviewsForBusinesses
FNDA:63,(anonymous_8)
FNDA:1,validateAllBusinessReviews
FNDA:30,(anonymous_10)
FNDA:30,(anonymous_11)
DA:12,2
DA:23,2
DA:49,2
DA:60,2
DA:68,2
DA:79,1242
DA:86,354
DA:87,354
DA:88,354
DA:90,354
DA:91,354
DA:93,354
DA:100,708
DA:107,354
DA:109,354
DA:115,354
DA:118,354
DA:119,0
DA:122,354
DA:123,206
DA:126,354
DA:133,354
DA:142,354
DA:143,264
DA:144,174
DA:151,2
DA:152,90
DA:153,90
DA:156,90
DA:157,90
DA:160,90
DA:163,90
DA:165,90
DA:167,354
DA:173,354
DA:175,354
DA:183,354
DA:186,90
DA:195,2
DA:196,63
DA:202,2
DA:206,1
DA:207,30
DA:208,30
DA:215,30
DA:217,1
LF:46
LH:45
BRDA:109,0,0,148
BRDA:109,0,1,206
BRDA:111,1,0,116
BRDA:111,1,1,90
BRDA:122,2,0,206
BRDA:141,3,0,0
BRDA:141,4,0,0
BRDA:142,5,0,90
BRDA:143,6,0,90
BRDA:160,7,0,26
BRDA:160,7,1,64
BRDA:167,8,0,90
BRDA:167,8,1,264
BRDA:169,9,0,90
BRDA:169,9,1,174
BRF:15
BRH:13
end_of_record
TN:
SF:src\types\business.ts
FN:79,isValidTimeFormat
FN:87,validateBusinessProfile
FN:141,getDefaultBusinessHours
FNF:3
FNH:3
FNDA:254,isValidTimeFormat
FNDA:22,validateBusinessProfile
FNDA:2,getDefaultBusinessHours
DA:79,1
DA:80,254
DA:81,254
DA:87,1
DA:88,22
DA:91,22
DA:92,2
DA:96,22
DA:97,22
DA:98,2
DA:102,22
DA:103,22
DA:104,154
DA:105,154
DA:106,1
DA:108,154
DA:109,0
DA:114,22
DA:126,22
DA:127,32
DA:128,2
DA:132,22
DA:141,1
DA:142,2
LF:24
LH:23
BRDA:91,0,0,2
BRDA:91,1,0,22
BRDA:91,1,1,20
BRDA:97,2,0,2
BRDA:105,3,0,1
BRDA:105,4,0,154
BRDA:105,4,1,121
BRDA:108,5,0,0
BRDA:108,6,0,154
BRDA:108,6,1,121
BRDA:127,7,0,2
BRF:11
BRH:10
end_of_record
TN:
SF:src\types\image.ts
FNF:0
FNH:0
DA:29,3
LF:1
LH:1
BRF:0
BRH:0
end_of_record
TN:
SF:src\types\review.ts
FN:41,validateReview
FN:71,validateBusinessReviews
FN:78,(anonymous_2)
FN:83,(anonymous_3)
FN:92,(anonymous_4)
FNF:5
FNH:5
FNDA:130,validateReview
FNDA:34,validateBusinessReviews
FNDA:72,(anonymous_2)
FNDA:67,(anonymous_3)
FNDA:7,(anonymous_4)
DA:24,2
DA:41,2
DA:42,130
DA:44,130
DA:45,1
DA:48,130
DA:49,130
DA:50,9
DA:53,130
DA:54,130
DA:55,130
DA:56,1
DA:59,130
DA:71,2
DA:72,34
DA:74,34
DA:75,1
DA:78,72
DA:79,34
DA:80,1
DA:83,67
DA:84,34
DA:85,1
DA:89,34
DA:90,126
DA:91,126
DA:92,7
DA:96,34
LF:28
LH:28
BRDA:44,0,0,1
BRDA:44,1,0,130
BRDA:44,1,1,130
BRDA:49,2,0,9
BRDA:49,3,0,130
BRDA:49,3,1,121
BRDA:55,4,0,1
BRDA:55,5,0,130
BRDA:55,5,1,129
BRDA:74,6,0,1
BRDA:74,7,0,34
BRDA:74,7,1,33
BRDA:79,8,0,1
BRDA:84,9,0,1
BRDA:91,10,0,7
BRF:15
BRH:15
end_of_record
TN:
SF:src\types\user-management.ts
FN:95,isValidRole
FN:102,isValidStatus
FN:109,getRoleLabel
FN:121,getStatusLabel
FN:133,getStatusVariant
FNF:5
FNH:5
FNDA:7,isValidRole
FNDA:7,isValidStatus
FNDA:3,getRoleLabel
FNDA:3,getStatusLabel
FNDA:3,getStatusVariant
DA:90,1
DA:95,1
DA:96,7
DA:102,1
DA:103,7
DA:109,1
DA:110,3
DA:115,3
DA:121,1
DA:122,3
DA:127,3
DA:133,1
DA:134,3
DA:139,3
LF:14
LH:14
BRF:0
BRH:0
end_of_record
TN:
SF:src\types\user.ts
FN:83,validatePassword
FN:115,isValidEmail
FNF:2
FNH:2
FNDA:7,validatePassword
FNDA:8,isValidEmail
DA:83,1
DA:84,7
DA:86,7
DA:87,2
DA:90,7
DA:91,2
DA:94,7
DA:95,1
DA:98,7
DA:99,2
DA:102,7
DA:103,2
DA:106,7
DA:115,1
DA:116,8
DA:117,8
LF:16
LH:16
BRDA:86,0,0,2
BRDA:90,1,0,2
BRDA:94,2,0,1
BRDA:98,3,0,2
BRDA:102,4,0,2
BRF:5
BRH:5
end_of_record
TN:
SF:src\utils\seed-runner.ts
FN:55,createDatabase
FN:74,businessExists
FN:82,userExists
FN:89,reviewsExistForBusiness
FN:96,imagesExistForBusiness
FN:103,countTestBusinesses
FN:110,countTestUsers
FN:118,clearTestData
FN:125,hasTestData
FN:133,seedBusinesses
FN:154,seedReviews
FN:177,seedImages
FN:203,seedUsers
FN:226,runSeed
FN:282,printSummary
FN:295,main
FN:313,(anonymous_16)
FNF:17
FNH:10
FNDA:15,createDatabase
FNDA:1,businessExists
FNDA:1,userExists
FNDA:0,reviewsExistForBusiness
FNDA:0,imagesExistForBusiness
FNDA:9,countTestBusinesses
FNDA:9,countTestUsers
FNDA:14,clearTestData
FNDA:1,hasTestData
FNDA:9,seedBusinesses
FNDA:0,seedReviews
FNDA:0,seedImages
FNDA:0,seedUsers
FNDA:9,runSeed
FNDA:1,printSummary
FNDA:0,main
FNDA:0,(anonymous_16)
DA:15,1
DA:23,1
DA:24,1
DA:56,15
DA:68,1
DA:74,1
DA:75,1
DA:82,1
DA:83,1
DA:89,1
DA:90,0
DA:96,1
DA:97,0
DA:103,1
DA:104,9
DA:110,1
DA:111,9
DA:118,1
DA:119,14
DA:125,1
DA:126,1
DA:134,9
DA:135,0
DA:136,0
DA:138,0
DA:139,0
DA:140,0
DA:142,0
DA:143,0
DA:147,0
DA:157,0
DA:158,0
DA:160,0
DA:161,0
DA:162,0
DA:164,0
DA:165,0
DA:166,0
DA:170,0
DA:180,0
DA:181,0
DA:183,0
DA:184,0
DA:185,0
DA:187,0
DA:192,0
DA:193,0
DA:197,0
DA:204,0
DA:205,0
DA:206,0
DA:208,0
DA:209,0
DA:210,0
DA:212,0
DA:213,0
DA:217,0
DA:226,1
DA:227,9
DA:230,9
DA:231,0
DA:232,0
DA:236,9
DA:237,9
DA:239,9
DA:240,0
DA:243,0
DA:247,9
DA:250,0
DA:253,0
DA:256,0
DA:259,0
DA:261,0
DA:262,0
DA:264,0
DA:276,0
DA:282,1
DA:283,1
DA:284,1
DA:285,1
DA:286,1
DA:287,1
DA:288,1
DA:289,1
DA:296,0
DA:297,0
DA:299,0
DA:300,0
DA:302,0
DA:303,0
DA:306,0
DA:307,0
DA:312,1
DA:313,0
DA:314,0
DA:315,0
DA:320,1
LF:97
LH:37
BRDA:90,0,0,0
BRDA:90,0,1,0
BRDA:97,1,0,0
BRDA:97,1,1,0
BRDA:126,2,0,1
BRDA:126,2,1,1
BRDA:139,3,0,0
BRDA:139,3,1,0
BRDA:161,4,0,0
BRDA:161,4,1,0
BRDA:184,5,0,0
BRDA:184,5,1,0
BRDA:190,6,0,0
BRDA:190,6,1,0
BRDA:209,7,0,0
BRDA:209,7,1,0
BRDA:226,8,0,0
BRDA:230,9,0,0
BRDA:239,10,0,0
BRDA:239,11,0,9
BRDA:239,11,1,9
BRDA:300,12,0,0
BRDA:300,12,1,0
BRDA:306,13,0,0
BRDA:306,14,0,0
BRDA:306,14,1,0
BRDA:312,15,0,0
BRF:27
BRH:4
end_of_record
TN:
SF:src\utils\similarity.ts
FN:20,levenshteinDistance
FN:66,levenshteinSimilarity
FN:89,normalizeString
FN:114,normalizedSimilarity
FN:129,jaccardSimilarity
FN:130,(anonymous_5)
FN:131,(anonymous_6)
FN:136,(anonymous_7)
FN:153,combinedSimilarity
FNF:9
FNH:9
FNDA:5,levenshteinDistance
FNDA:20,levenshteinSimilarity
FNDA:84,normalizeString
FNDA:20,normalizedSimilarity
FNDA:20,jaccardSimilarity
FNDA:71,(anonymous_5)
FNDA:72,(anonymous_6)
FNDA:69,(anonymous_7)
FNDA:20,combinedSimilarity
DA:20,1
DA:25,5
DA:26,5
DA:28,5
DA:29,5
DA:30,5
DA:32,5
DA:35,5
DA:36,75
DA:38,5
DA:39,76
DA:43,5
DA:44,70
DA:45,1397
DA:46,1397
DA:54,5
DA:66,1
DA:71,20
DA:72,7
DA:74,5
DA:75,5
DA:77,5
DA:89,1
DA:90,84
DA:114,1
DA:115,20
DA:116,20
DA:118,20
DA:129,1
DA:130,71
DA:131,72
DA:133,20
DA:134,20
DA:136,69
DA:137,18
DA:139,18
DA:153,1
DA:161,20
DA:163,20
DA:164,20
DA:166,20
LF:41
LH:41
BRDA:23,0,0,0
BRDA:25,1,0,0
BRDA:25,1,1,5
BRDA:26,2,0,0
BRDA:26,2,1,5
BRDA:28,3,0,0
BRDA:29,4,0,0
BRDA:30,5,0,0
BRDA:39,6,0,76
BRDA:39,6,1,71
BRDA:45,7,0,102
BRDA:45,7,1,1295
BRDA:69,8,0,20
BRDA:71,9,0,13
BRDA:72,10,0,2
BRDA:72,11,0,7
BRDA:72,11,1,5
BRDA:133,12,0,0
BRDA:133,13,0,20
BRDA:133,13,1,2
BRDA:134,14,0,2
BRDA:134,15,0,20
BRDA:134,15,1,18
BRDA:156,16,0,0
BRDA:161,17,0,0
BRDA:161,18,0,0
BRF:26
BRH:16
end_of_record
TN:
SF:src\utils\test-data-seeder.ts
FN:42,formatBusinessName
FN:49,formatUserEmail
FN:60,isTestBusiness
FN:67,isTestEmail
FN:74,generateTestBusinesses
FN:86,(anonymous_5)
FN:104,generateTestUsers
FN:116,(anonymous_7)
FN:143,generateTestSeedData
FNF:9
FNH:9
FNDA:191,formatBusinessName
FNDA:60,formatUserEmail
FNDA:49,isTestBusiness
FNDA:18,isTestEmail
FNDA:10,generateTestBusinesses
FNDA:99,(anonymous_5)
FNDA:12,generateTestUsers
FNDA:57,(anonymous_7)
FNDA:5,generateTestSeedData
DA:12,3
DA:13,3
DA:42,3
DA:43,191
DA:49,3
DA:50,60
DA:54,60
DA:60,3
DA:61,49
DA:67,3
DA:68,18
DA:74,3
DA:75,10
DA:86,10
DA:87,99
DA:88,99
DA:89,99
DA:91,99
DA:104,3
DA:106,12
DA:108,12
DA:116,12
DA:117,57
DA:118,57
DA:119,57
DA:120,57
DA:122,57
DA:130,57
DA:131,13
DA:132,13
DA:135,57
DA:143,3
DA:147,5
DA:148,5
DA:149,5
DA:158,3
LF:36
LH:36
BRDA:74,0,0,0
BRDA:88,1,0,70
BRDA:88,1,1,29
BRDA:104,2,0,0
BRDA:118,3,0,10
BRDA:118,3,1,47
BRDA:130,4,0,13
BRDA:130,5,0,57
BRDA:130,5,1,22
BRDA:130,5,2,13
BRDA:144,6,0,0
BRDA:145,7,0,0
BRF:12
BRH:8
end_of_record
