TN:
SF:src\app\web-vitals.ts
FN:20,initWebVitals
FN:24,(anonymous_1)
FN:37,(anonymous_2)
FN:53,(anonymous_3)
FN:72,(anonymous_4)
FN:92,getMetrics
FN:96,checkPerformanceThresholds
FN:109,(anonymous_7)
FNF:8
FNH:0
FNDA:0,initWebVitals
FNDA:0,(anonymous_1)
FNDA:0,(anonymous_2)
FNDA:0,(anonymous_3)
FNDA:0,(anonymous_4)
FNDA:0,getMetrics
FNDA:0,checkPerformanceThresholds
FNDA:0,(anonymous_7)
DA:12,0
DA:20,0
DA:22,0
DA:23,0
DA:24,0
DA:25,0
DA:26,0
DA:27,0
DA:28,0
DA:30,0
DA:32,0
DA:36,0
DA:37,0
DA:38,0
DA:39,0
DA:40,0
DA:41,0
DA:42,0
DA:45,0
DA:47,0
DA:51,0
DA:52,0
DA:53,0
DA:54,0
DA:55,0
DA:56,0
DA:57,0
DA:60,0
DA:61,0
DA:63,0
DA:65,0
DA:70,0
DA:71,0
DA:72,0
DA:73,0
DA:74,0
DA:75,0
DA:76,0
DA:78,0
DA:80,0
DA:85,0
DA:86,0
DA:87,0
DA:88,0
DA:92,0
DA:93,0
DA:96,0
DA:100,0
DA:101,0
DA:109,0
DA:111,0
LF:51
LH:0
BRDA:22,0,0,0
BRDA:56,1,0,0
BRDA:57,2,0,0
BRDA:57,2,1,0
BRDA:70,3,0,0
BRDA:85,4,0,0
BRDA:85,5,0,0
BRDA:85,5,1,0
BRDA:102,6,0,0
BRDA:102,6,1,0
BRDA:103,7,0,0
BRDA:103,7,1,0
BRDA:104,8,0,0
BRDA:104,8,1,0
BRDA:105,9,0,0
BRDA:105,9,1,0
BRDA:106,10,0,0
BRDA:106,10,1,0
BRF:18
BRH:0
end_of_record
TN:
SF:src\app\api\auth\login\route.ts
FN:10,POST
FNF:1
FNH:0
FNDA:0,POST
DA:7,0
DA:8,0
DA:10,0
DA:11,0
DA:12,0
DA:13,0
DA:16,0
DA:17,0
DA:27,0
DA:29,0
DA:30,0
DA:33,0
DA:35,0
DA:36,0
LF:14
LH:0
BRDA:16,0,0,0
BRDA:16,1,0,0
BRDA:16,1,1,0
BRDA:29,2,0,0
BRF:4
BRH:0
end_of_record
TN:
SF:src\app\api\auth\refresh\route.ts
FN:13,POST
FNF:1
FNH:0
FNDA:0,POST
DA:10,0
DA:11,0
DA:13,0
DA:14,0
DA:15,0
DA:16,0
DA:19,0
DA:20,0
DA:30,0
DA:32,0
DA:33,0
DA:42,0
DA:50,0
DA:51,0
LF:14
LH:0
BRDA:19,0,0,0
BRDA:32,1,0,0
BRF:2
BRH:0
end_of_record
TN:
SF:src\app\api\auth\register\route.ts
FN:10,POST
FNF:1
FNH:0
FNDA:0,POST
DA:7,0
DA:8,0
DA:10,0
DA:11,0
DA:12,0
DA:13,0
DA:16,0
DA:17,0
DA:27,0
DA:29,0
DA:30,0
DA:31,0
DA:34,0
DA:36,0
DA:37,0
LF:15
LH:0
BRDA:16,0,0,0
BRDA:16,1,0,0
BRDA:16,1,1,0
BRDA:16,1,2,0
BRDA:29,2,0,0
BRDA:30,3,0,0
BRDA:30,3,1,0
BRF:7
BRH:0
end_of_record
TN:
SF:src\app\api\graphql\route.ts
FN:5,POST
FN:30,GET
FN:37,executeGraphQL
FN:83,(anonymous_3)
FNF:4
FNH:0
FNDA:0,POST
FNDA:0,GET
FNDA:0,executeGraphQL
FNDA:0,(anonymous_3)
DA:1,0
DA:2,0
DA:5,0
DA:6,0
DA:7,0
DA:8,0
DA:10,0
DA:11,0
DA:18,0
DA:20,0
DA:22,0
DA:23,0
DA:30,0
DA:31,0
DA:41,0
DA:43,0
DA:44,0
DA:48,0
DA:49,0
DA:50,0
DA:51,0
DA:52,0
DA:56,0
DA:57,0
DA:58,0
DA:59,0
DA:61,0
DA:69,0
DA:73,0
DA:74,0
DA:80,0
DA:83,0
DA:97,0
DA:98,0
DA:99,0
DA:104,0
DA:108,0
DA:109,0
DA:110,0
DA:114,0
DA:118,0
DA:119,0
DA:120,0
DA:131,0
DA:134,0
DA:136,0
DA:137,0
LF:47
LH:0
BRDA:8,0,0,0
BRDA:10,1,0,0
BRDA:43,2,0,0
BRDA:49,3,0,0
BRDA:56,4,0,0
BRDA:64,5,0,0
BRDA:64,5,1,0
BRDA:65,6,0,0
BRDA:65,6,1,0
BRDA:66,7,0,0
BRDA:66,7,1,0
BRDA:73,8,0,0
BRDA:73,9,0,0
BRDA:73,9,1,0
BRDA:98,10,0,0
BRDA:109,11,0,0
BRDA:119,12,0,0
BRF:17
BRH:0
end_of_record
TN:
SF:src\app\api\users\route.ts
FN:28,GET
FN:75,PATCH
FN:76,(anonymous_11)
FN:116,(anonymous_12)
FN:130,(anonymous_13)
FN:197,PATCH_STATUS
FN:198,(anonymous_15)
FNF:7
FNH:0
FNDA:0,GET
FNDA:0,PATCH
FNDA:0,(anonymous_11)
FNDA:0,(anonymous_12)
FNDA:0,(anonymous_13)
FNDA:0,PATCH_STATUS
FNDA:0,(anonymous_15)
DA:9,0
DA:10,0
DA:16,0
DA:17,0
DA:22,0
DA:28,0
DA:29,0
DA:31,0
DA:33,0
DA:34,0
DA:35,0
DA:36,0
DA:39,0
DA:40,0
DA:49,0
DA:55,0
DA:60,0
DA:61,0
DA:75,0
DA:76,0
DA:78,0
DA:79,0
DA:89,0
DA:90,0
DA:91,0
DA:94,0
DA:95,0
DA:105,0
DA:106,0
DA:116,0
DA:117,0
DA:119,0
DA:120,0
DA:130,0
DA:133,0
DA:135,0
DA:136,0
DA:145,0
DA:148,0
DA:150,0
DA:151,0
DA:161,0
DA:162,0
DA:169,0
DA:171,0
DA:175,0
DA:181,0
DA:182,0
DA:197,0
DA:198,0
DA:200,0
DA:201,0
DA:211,0
DA:212,0
DA:213,0
DA:216,0
DA:217,0
DA:227,0
DA:228,0
DA:238,0
DA:240,0
DA:241,0
DA:250,0
DA:256,0
DA:257,0
LF:65
LH:0
BRDA:34,0,0,0
BRDA:34,0,1,0
BRDA:35,1,0,0
BRDA:35,1,1,0
BRDA:36,2,0,0
BRDA:36,2,1,0
BRDA:39,3,0,0
BRDA:39,4,0,0
BRDA:39,4,1,0
BRDA:39,4,2,0
BRDA:78,5,0,0
BRDA:94,6,0,0
BRDA:94,7,0,0
BRDA:94,7,1,0
BRDA:105,8,0,0
BRDA:119,9,0,0
BRDA:135,10,0,0
BRDA:150,11,0,0
BRDA:200,12,0,0
BRDA:216,13,0,0
BRDA:216,14,0,0
BRDA:216,14,1,0
BRDA:227,15,0,0
BRDA:240,16,0,0
BRF:24
BRH:0
end_of_record
TN:
SF:src\components\ui\index.ts
FN:1,(anonymous_1)
FN:4,(anonymous_2)
FN:7,(anonymous_3)
FN:10,(anonymous_4)
FN:13,(anonymous_5)
FN:16,(anonymous_6)
FN:19,(anonymous_7)
FN:22,(anonymous_8)
FN:25,(anonymous_9)
FN:28,(anonymous_10)
FN:28,(anonymous_11)
FN:28,(anonymous_12)
FN:31,(anonymous_13)
FN:34,(anonymous_14)
FN:34,(anonymous_15)
FN:34,(anonymous_16)
FN:37,(anonymous_17)
FN:37,(anonymous_18)
FN:37,(anonymous_19)
FN:40,(anonymous_20)
FN:43,(anonymous_21)
FN:46,(anonymous_22)
FN:49,(anonymous_23)
FN:52,(anonymous_24)
FNF:24
FNH:0
FNDA:0,(anonymous_1)
FNDA:0,(anonymous_2)
FNDA:0,(anonymous_3)
FNDA:0,(anonymous_4)
FNDA:0,(anonymous_5)
FNDA:0,(anonymous_6)
FNDA:0,(anonymous_7)
FNDA:0,(anonymous_8)
FNDA:0,(anonymous_9)
FNDA:0,(anonymous_10)
FNDA:0,(anonymous_11)
FNDA:0,(anonymous_12)
FNDA:0,(anonymous_13)
FNDA:0,(anonymous_14)
FNDA:0,(anonymous_15)
FNDA:0,(anonymous_16)
FNDA:0,(anonymous_17)
FNDA:0,(anonymous_18)
FNDA:0,(anonymous_19)
FNDA:0,(anonymous_20)
FNDA:0,(anonymous_21)
FNDA:0,(anonymous_22)
FNDA:0,(anonymous_23)
FNDA:0,(anonymous_24)
DA:1,0
DA:4,0
DA:7,0
DA:10,0
DA:13,0
DA:16,0
DA:19,0
DA:22,0
DA:25,0
DA:28,0
DA:31,0
DA:34,0
DA:37,0
DA:40,0
DA:43,0
DA:46,0
DA:49,0
DA:52,0
LF:18
LH:0
BRF:0
BRH:0
end_of_record
TN:
SF:src\lib\index.ts
FNF:0
FNH:0
DA:5,0
DA:6,0
DA:7,0
DA:8,0
DA:9,0
DA:10,0
LF:6
LH:0
BRF:0
BRH:0
end_of_record
TN:
SF:src\lib\auth\auth-middleware.ts
FN:14,getJwtSecret
FN:43,extractToken
FN:71,verifyToken
FN:88,requireAuth
FN:94,(anonymous_5)
FN:134,requireRole
FN:137,(anonymous_7)
FN:166,optionalAuth
FN:172,(anonymous_9)
FNF:9
FNH:0
FNDA:0,getJwtSecret
FNDA:0,extractToken
FNDA:0,verifyToken
FNDA:0,requireAuth
FNDA:0,(anonymous_5)
FNDA:0,requireRole
FNDA:0,(anonymous_7)
FNDA:0,optionalAuth
FNDA:0,(anonymous_9)
DA:8,0
DA:15,0
DA:16,0
DA:17,0
DA:19,0
DA:43,0
DA:45,0
DA:46,0
DA:47,0
DA:51,0
DA:52,0
DA:53,0
DA:57,0
DA:58,0
DA:59,0
DA:60,0
DA:61,0
DA:65,0
DA:71,0
DA:72,0
DA:73,0
DA:75,0
DA:76,0
DA:78,0
DA:88,0
DA:94,0
DA:95,0
DA:97,0
DA:98,0
DA:103,0
DA:106,0
DA:107,0
DA:108,0
DA:109,0
DA:111,0
DA:113,0
DA:117,0
DA:134,0
DA:137,0
DA:142,0
DA:144,0
DA:150,0
DA:151,0
DA:156,0
DA:159,0
DA:166,0
DA:172,0
DA:173,0
DA:175,0
DA:176,0
DA:177,0
DA:178,0
DA:184,0
LF:53
LH:0
BRDA:16,0,0,0
BRDA:46,1,0,0
BRDA:51,2,0,0
BRDA:51,3,0,0
BRDA:51,3,1,0
BRDA:53,4,0,0
BRDA:53,4,1,0
BRDA:58,5,0,0
BRDA:60,6,0,0
BRDA:75,7,0,0
BRDA:80,8,0,0
BRDA:80,8,1,0
BRDA:97,9,0,0
BRDA:113,10,0,0
BRDA:113,10,1,0
BRDA:114,11,0,0
BRDA:114,11,1,0
BRDA:120,12,0,0
BRDA:120,12,1,0
BRDA:122,13,0,0
BRDA:122,13,1,0
BRDA:142,14,0,0
BRDA:142,14,1,0
BRDA:150,15,0,0
BRDA:175,16,0,0
BRF:25
BRH:0
end_of_record
TN:
SF:src\lib\auth\auth-service.ts
FN:37,getPrivateKey
FN:55,getPublicKey
FN:72,hashPassword
FN:79,verifyPassword
FN:89,generateAccessToken
FN:107,generateRefreshToken
FN:126,verifyToken
FN:137,verifyTokenSafe
FN:148,generateTokenPair
FN:158,isTokenExpired
FNF:10
FNH:0
FNDA:0,getPrivateKey
FNDA:0,getPublicKey
FNDA:0,hashPassword
FNDA:0,verifyPassword
FNDA:0,generateAccessToken
FNDA:0,generateRefreshToken
FNDA:0,verifyToken
FNDA:0,verifyTokenSafe
FNDA:0,generateTokenPair
FNDA:0,isTokenExpired
DA:7,0
DA:8,0
DA:10,0
DA:11,0
DA:16,0
DA:21,0
DA:26,0
DA:31,0
DA:38,0
DA:39,0
DA:40,0
DA:43,0
DA:44,0
DA:45,0
DA:47,0
DA:56,0
DA:57,0
DA:58,0
DA:61,0
DA:62,0
DA:63,0
DA:65,0
DA:72,0
DA:73,0
DA:79,0
DA:83,0
DA:89,0
DA:90,0
DA:96,0
DA:101,0
DA:107,0
DA:108,0
DA:114,0
DA:119,0
DA:126,0
DA:127,0
DA:131,0
DA:137,0
DA:138,0
DA:139,0
DA:141,0
DA:148,0
DA:149,0
DA:158,0
DA:159,0
DA:160,0
DA:161,0
DA:162,0
DA:164,0
DA:165,0
DA:167,0
LF:51
LH:0
BRDA:39,0,0,0
BRDA:43,1,0,0
BRDA:43,1,1,0
BRDA:57,2,0,0
BRDA:61,3,0,0
BRDA:61,3,1,0
BRDA:93,4,0,0
BRDA:93,4,1,0
BRDA:111,5,0,0
BRDA:111,5,1,0
BRDA:161,6,0,0
BRDA:161,7,0,0
BRDA:161,7,1,0
BRDA:165,8,0,0
BRDA:165,8,1,0
BRF:15
BRH:0
end_of_record
TN:
SF:src\lib\auth\index.ts
FNF:0
FNH:0
DA:5,0
DA:6,0
DA:7,0
LF:3
LH:0
BRF:0
BRH:0
end_of_record
TN:
SF:src\lib\auth\jwt-middleware.ts
FN:38,createAuthMiddleware
FN:39,authMiddleware
FN:113,extractBearerToken
FN:129,createAuthErrorResponse
FNF:4
FNH:0
FNDA:0,createAuthMiddleware
FNDA:0,authMiddleware
FNDA:0,extractBearerToken
FNDA:0,createAuthErrorResponse
DA:7,0
DA:8,0
DA:38,0
DA:39,0
DA:43,0
DA:45,0
DA:46,0
DA:55,0
DA:56,0
DA:57,0
DA:65,0
DA:68,0
DA:69,0
DA:78,0
DA:79,0
DA:82,0
DA:83,0
DA:84,0
DA:92,0
DA:99,0
DA:113,0
DA:114,0
DA:115,0
DA:118,0
DA:119,0
DA:120,0
DA:123,0
DA:129,0
DA:133,0
LF:29
LH:0
BRDA:38,0,0,0
BRDA:45,1,0,0
BRDA:56,2,0,0
BRDA:56,3,0,0
BRDA:56,3,1,0
BRDA:68,4,0,0
BRDA:83,5,0,0
BRDA:114,6,0,0
BRDA:119,7,0,0
BRDA:119,8,0,0
BRDA:119,8,1,0
BRDA:139,9,0,0
BRDA:139,9,1,0
BRF:13
BRH:0
end_of_record
TN:
SF:src\lib\auth\token-refresh.ts
FN:32,refreshAccessToken
FNF:1
FNH:0
FNDA:0,refreshAccessToken
DA:7,0
DA:8,0
DA:32,0
DA:35,0
DA:37,0
DA:38,0
DA:39,0
DA:46,0
DA:47,0
DA:48,0
DA:49,0
DA:55,0
DA:63,0
DA:73,0
DA:76,0
DA:79,0
DA:80,0
DA:82,0
DA:90,0
DA:91,0
LF:20
LH:0
BRDA:38,0,0,0
BRDA:48,1,0,0
BRF:2
BRH:0
end_of_record
TN:
SF:src\lib\db\business-repository.ts
FN:13,getTableName
FN:21,initializeBusinessSchema
FN:39,rowToBusiness
FN:56,createBusiness
FN:76,findBusinessById
FN:91,findBusinessesByOwnerId
FNF:6
FNH:0
FNDA:0,getTableName
FNDA:0,initializeBusinessSchema
FNDA:0,rowToBusiness
FNDA:0,createBusiness
FNDA:0,findBusinessById
FNDA:0,findBusinessesByOwnerId
DA:14,0
DA:15,0
DA:21,0
DA:22,0
DA:40,0
DA:41,0
DA:56,0
DA:63,0
DA:64,0
DA:70,0
DA:76,0
DA:80,0
DA:81,0
DA:85,0
DA:91,0
DA:95,0
DA:96,0
DA:100,0
LF:18
LH:0
BRDA:15,0,0,0
BRDA:15,0,1,0
BRDA:68,1,0,0
BRDA:68,1,1,0
BRDA:85,2,0,0
BRDA:85,2,1,0
BRF:6
BRH:0
end_of_record
TN:
SF:src\lib\db\user-management-repository.ts
FN:21,initializeUserManagementSchema
FN:48,updateUserRole
FN:70,updateUserStatus
FN:92,findByIdWithRole
FN:112,getUsersPaginated
FN:163,getUserCountByRole
FN:179,getUserCountByStatus
FNF:7
FNH:0
FNDA:0,initializeUserManagementSchema
FNDA:0,updateUserRole
FNDA:0,updateUserStatus
FNDA:0,findByIdWithRole
FNDA:0,getUsersPaginated
FNDA:0,getUserCountByRole
FNDA:0,getUserCountByStatus
DA:16,0
DA:21,0
DA:22,0
DA:23,0
DA:25,0
DA:32,0
DA:37,0
DA:41,0
DA:48,0
DA:52,0
DA:53,0
DA:54,0
DA:61,0
DA:63,0
DA:70,0
DA:74,0
DA:75,0
DA:76,0
DA:83,0
DA:85,0
DA:92,0
DA:95,0
DA:96,0
DA:97,0
DA:103,0
DA:105,0
DA:112,0
DA:115,0
DA:116,0
DA:118,0
DA:119,0
DA:121,0
DA:122,0
DA:126,0
DA:127,0
DA:129,0
DA:130,0
DA:131,0
DA:132,0
DA:133,0
DA:137,0
DA:138,0
DA:141,0
DA:142,0
DA:144,0
DA:146,0
DA:148,0
DA:156,0
DA:163,0
DA:164,0
DA:165,0
DA:166,0
DA:170,0
DA:172,0
DA:179,0
DA:180,0
DA:181,0
DA:182,0
DA:186,0
DA:188,0
LF:60
LH:0
BRDA:61,0,0,0
BRDA:61,0,1,0
BRDA:83,1,0,0
BRDA:83,1,1,0
BRDA:103,2,0,0
BRDA:103,2,1,0
BRDA:129,3,0,0
BRF:7
BRH:0
end_of_record
TN:
SF:src\lib\db\user-repository.ts
FN:22,getPool
FN:51,initializeUserSchema
FN:89,findByEmail
FN:105,findById
FN:121,create
FN:167,getPaginatedUsers
FN:227,updateUserRole
FN:249,closePool
FNF:8
FNH:0
FNDA:0,getPool
FNDA:0,initializeUserSchema
FNDA:0,findByEmail
FNDA:0,findById
FNDA:0,create
FNDA:0,getPaginatedUsers
FNDA:0,updateUserRole
FNDA:0,closePool
DA:7,0
DA:20,0
DA:22,0
DA:23,0
DA:24,0
DA:27,0
DA:28,0
DA:29,0
DA:30,0
DA:31,0
DA:34,0
DA:38,0
DA:45,0
DA:51,0
DA:52,0
DA:53,0
DA:54,0
DA:68,0
DA:73,0
DA:78,0
DA:82,0
DA:89,0
DA:90,0
DA:91,0
DA:92,0
DA:96,0
DA:98,0
DA:105,0
DA:106,0
DA:107,0
DA:108,0
DA:112,0
DA:114,0
DA:121,0
DA:128,0
DA:129,0
DA:130,0
DA:136,0
DA:138,0
DA:167,0
DA:170,0
DA:171,0
DA:173,0
DA:175,0
DA:176,0
DA:177,0
DA:179,0
DA:180,0
DA:181,0
DA:184,0
DA:185,0
DA:186,0
DA:189,0
DA:190,0
DA:191,0
DA:194,0
DA:199,0
DA:200,0
DA:201,0
DA:204,0
DA:205,0
DA:210,0
DA:212,0
DA:220,0
DA:227,0
DA:231,0
DA:232,0
DA:233,0
DA:240,0
DA:242,0
DA:249,0
DA:250,0
DA:251,0
DA:252,0
LF:74
LH:0
BRDA:23,0,0,0
BRDA:27,1,0,0
BRDA:27,1,1,0
BRDA:28,2,0,0
BRDA:28,2,1,0
BRDA:29,3,0,0
BRDA:29,3,1,0
BRDA:30,4,0,0
BRDA:30,4,1,0
BRDA:31,5,0,0
BRDA:31,5,1,0
BRDA:34,6,0,0
BRDA:34,6,1,0
BRDA:96,7,0,0
BRDA:96,7,1,0
BRDA:112,8,0,0
BRDA:112,8,1,0
BRDA:125,9,0,0
BRDA:126,10,0,0
BRDA:179,11,0,0
BRDA:184,12,0,0
BRDA:189,13,0,0
BRDA:194,14,0,0
BRDA:194,14,1,0
BRDA:240,15,0,0
BRDA:240,15,1,0
BRDA:250,16,0,0
BRF:27
BRH:0
end_of_record
TN:
SF:src\lib\graphql\business-schema.ts
FNF:0
FNH:0
DA:5,0
LF:1
LH:0
BRF:0
BRH:0
end_of_record
TN:
SF:src\lib\graphql\graphql-client.ts
FN:5,getApiBaseUrl
FN:33,graphqlQuery
FN:68,fetchBusinessById
FNF:3
FNH:0
FNDA:0,getApiBaseUrl
FNDA:0,graphqlQuery
FNDA:0,fetchBusinessById
DA:6,0
DA:33,0
DA:37,0
DA:48,0
DA:49,0
DA:52,0
DA:54,0
DA:55,0
DA:58,0
DA:59,0
DA:62,0
DA:68,0
DA:69,0
DA:83,0
DA:84,0
LF:15
LH:0
BRDA:6,0,0,0
BRDA:6,0,1,0
BRDA:48,1,0,0
BRDA:54,2,0,0
BRDA:54,3,0,0
BRDA:54,3,1,0
BRDA:58,4,0,0
BRF:7
BRH:0
end_of_record
TN:
SF:src\lib\graphql\login-resolvers.ts
FN:12,login
FNF:1
FNH:0
FNDA:0,login
DA:5,0
DA:6,0
DA:7,0
DA:12,0
DA:21,0
DA:24,0
DA:26,0
DA:28,0
DA:35,0
DA:37,0
DA:38,0
DA:45,0
DA:48,0
DA:51,0
DA:58,0
DA:68,0
LF:16
LH:0
BRDA:26,0,0,0
BRDA:37,1,0,0
BRF:2
BRH:0
end_of_record
TN:
SF:src\lib\graphql\query-cache.ts
FN:25,generateCacheKey
FN:29,(anonymous_1)
FN:44,shouldCacheQuery
FN:56,getCachedResponse
FN:87,cacheResponse
FN:113,invalidateCache
FN:142,clearAllCache
FNF:7
FNH:0
FNDA:0,generateCacheKey
FNDA:0,(anonymous_1)
FNDA:0,shouldCacheQuery
FNDA:0,getCachedResponse
FNDA:0,cacheResponse
FNDA:0,invalidateCache
FNDA:0,clearAllCache
DA:7,0
DA:12,0
DA:17,0
DA:25,0
DA:27,0
DA:30,0
DA:31,0
DA:34,0
DA:35,0
DA:44,0
DA:46,0
DA:47,0
DA:56,0
DA:60,0
DA:61,0
DA:64,0
DA:65,0
DA:67,0
DA:68,0
DA:69,0
DA:70,0
DA:71,0
DA:73,0
DA:74,0
DA:76,0
DA:77,0
DA:87,0
DA:92,0
DA:93,0
DA:96,0
DA:97,0
DA:99,0
DA:100,0
DA:101,0
DA:102,0
DA:104,0
DA:113,0
DA:117,0
DA:119,0
DA:120,0
DA:122,0
DA:123,0
DA:124,0
DA:127,0
DA:128,0
DA:129,0
DA:130,0
DA:131,0
DA:135,0
DA:142,0
DA:143,0
DA:145,0
DA:146,0
DA:147,0
DA:148,0
DA:149,0
DA:150,0
DA:153,0
LF:58
LH:0
BRDA:60,0,0,0
BRDA:69,1,0,0
BRDA:92,2,0,0
BRDA:120,3,0,0
BRDA:120,3,1,0
BRDA:129,4,0,0
BRDA:148,5,0,0
BRF:7
BRH:0
end_of_record
TN:
SF:src\lib\graphql\schema.ts
FNF:0
FNH:0
DA:5,0
LF:1
LH:0
BRF:0
BRH:0
end_of_record
TN:
SF:src\lib\minio\minio-service.ts
FN:145,(anonymous_0)
FN:49,(anonymous_1)
FN:66,(anonymous_2)
FN:95,(anonymous_3)
FN:100,(anonymous_4)
FN:114,(anonymous_5)
FN:117,(anonymous_6)
FN:127,createMinioServiceFromEnv
FNF:8
FNH:0
FNDA:0,(anonymous_0)
FNDA:0,(anonymous_1)
FNDA:0,(anonymous_2)
FNDA:0,(anonymous_3)
FNDA:0,(anonymous_4)
FNDA:0,(anonymous_5)
FNDA:0,(anonymous_6)
FNDA:0,createMinioServiceFromEnv
DA:8,0
DA:45,0
DA:50,0
DA:51,0
DA:69,0
DA:70,0
DA:72,0
DA:79,0
DA:100,0
DA:101,0
DA:108,0
DA:115,0
DA:116,0
DA:117,0
DA:119,0
DA:127,0
DA:128,0
DA:129,0
DA:130,0
DA:131,0
DA:132,0
DA:133,0
DA:135,0
DA:145,0
LF:24
LH:0
BRDA:69,0,0,0
BRDA:69,0,1,0
BRDA:76,1,0,0
BRDA:76,1,1,0
BRDA:98,2,0,0
BRDA:128,3,0,0
BRDA:128,3,1,0
BRDA:129,4,0,0
BRDA:129,4,1,0
BRDA:131,5,0,0
BRDA:131,5,1,0
BRDA:132,6,0,0
BRDA:132,6,1,0
BRDA:133,7,0,0
BRDA:133,7,1,0
BRF:15
BRH:0
end_of_record
TN:
SF:src\lib\nats\cache-invalidator.ts
FN:25,resetCacheInvalidationSubscription
FN:33,subscribeToCacheInvalidation
FN:42,(anonymous_2)
FN:70,unsubscribeFromCacheInvalidation
FNF:4
FNH:0
FNDA:0,resetCacheInvalidationSubscription
FNDA:0,subscribeToCacheInvalidation
FNDA:0,(anonymous_2)
FNDA:0,unsubscribeFromCacheInvalidation
DA:7,0
DA:8,0
DA:20,0
DA:25,0
DA:26,0
DA:33,0
DA:34,0
DA:36,0
DA:37,0
DA:38,0
DA:41,0
DA:43,0
DA:44,0
DA:45,0
DA:47,0
DA:48,0
DA:49,0
DA:52,0
DA:53,0
DA:55,0
DA:59,0
DA:64,0
DA:70,0
DA:71,0
DA:72,0
DA:73,0
DA:74,0
LF:27
LH:0
BRDA:36,0,0,0
BRDA:47,1,0,0
BRDA:56,2,0,0
BRDA:56,2,1,0
BRDA:71,3,0,0
BRF:5
BRH:0
end_of_record
TN:
SF:src\lib\nats\client.ts
FN:25,getNatsConnection
FN:46,publishRoleChangedEvent
FN:73,closeNatsConnection
FNF:3
FNH:0
FNDA:0,getNatsConnection
FNDA:0,publishRoleChangedEvent
FNDA:0,closeNatsConnection
DA:7,0
DA:9,0
DA:25,0
DA:26,0
DA:27,0
DA:30,0
DA:32,0
DA:33,0
DA:36,0
DA:38,0
DA:39,0
DA:46,0
DA:52,0
DA:53,0
DA:54,0
DA:62,0
DA:63,0
DA:65,0
DA:66,0
DA:73,0
DA:74,0
DA:75,0
DA:76,0
LF:23
LH:0
BRDA:26,0,0,0
BRDA:30,1,0,0
BRDA:30,1,1,0
BRDA:74,2,0,0
BRF:4
BRH:0
end_of_record
TN:
SF:src\lib\nats\index.ts
FNF:0
FNH:0
DA:5,0
DA:6,0
LF:2
LH:0
BRF:0
BRH:0
end_of_record
TN:
SF:src\lib\nats\nats-client.ts
FN:20,getNatsUrl
FN:27,getNatsClient
FN:45,closeNatsConnection
FN:55,publishRoleChangedEvent
FN:67,subscribe
FN:74,(anonymous_14)
FN:78,(anonymous_15)
FN:86,checkNatsHealth
FNF:8
FNH:0
FNDA:0,getNatsUrl
FNDA:0,getNatsClient
FNDA:0,closeNatsConnection
FNDA:0,publishRoleChangedEvent
FNDA:0,subscribe
FNDA:0,(anonymous_14)
FNDA:0,(anonymous_15)
FNDA:0,checkNatsHealth
DA:7,0
DA:10,0
DA:15,0
DA:21,0
DA:27,0
DA:28,0
DA:29,0
DA:32,0
DA:33,0
DA:39,0
DA:45,0
DA:46,0
DA:47,0
DA:48,0
DA:55,0
DA:58,0
DA:59,0
DA:61,0
DA:67,0
DA:71,0
DA:72,0
DA:74,0
DA:75,0
DA:76,0
DA:79,0
DA:86,0
DA:87,0
DA:88,0
DA:90,0
DA:93,0
DA:95,0
LF:31
LH:0
BRDA:21,0,0,0
BRDA:21,0,1,0
BRDA:28,1,0,0
BRDA:46,2,0,0
BRF:4
BRH:0
end_of_record
TN:
SF:src\lib\valkey\valkey-client.ts
FN:17,getValkey
FN:41,storeRefreshToken
FN:55,getRefreshTokenUserId
FN:67,revokeRefreshToken
FN:77,isRefreshTokenValid
FN:86,closeValkey
FNF:6
FNH:0
FNDA:0,getValkey
FNDA:0,storeRefreshToken
FNDA:0,getRefreshTokenUserId
FNDA:0,revokeRefreshToken
FNDA:0,isRefreshTokenValid
FNDA:0,closeValkey
DA:7,0
DA:12,0
DA:17,0
DA:18,0
DA:19,0
DA:22,0
DA:23,0
DA:25,0
DA:32,0
DA:41,0
DA:46,0
DA:47,0
DA:55,0
DA:58,0
DA:59,0
DA:60,0
DA:67,0
DA:68,0
DA:69,0
DA:77,0
DA:78,0
DA:79,0
DA:80,0
DA:86,0
DA:87,0
DA:88,0
DA:89,0
LF:27
LH:0
BRDA:18,0,0,0
BRDA:22,1,0,0
BRDA:22,1,1,0
BRDA:23,2,0,0
BRDA:23,2,1,0
BRDA:44,3,0,0
BRDA:87,4,0,0
BRF:7
BRH:0
end_of_record
TN:
SF:src\services\image-service.ts
FN:17,(anonymous_0)
FN:17,(anonymous_1)
FN:22,generateUuid
FN:23,(anonymous_3)
FN:33,randomInt
FN:40,randomChoice
FN:47,randomChoices
FN:48,(anonymous_7)
FN:56,generateMinIOUrl
FN:64,generateImagesForBusiness
FN:78,(anonymous_10)
FN:103,generateImagesForBusinesses
FN:106,(anonymous_12)
FN:114,validateBusinessImageData
FN:158,(anonymous_14)
FN:173,validateAllBusinessImageData
FN:179,(anonymous_16)
FN:189,(anonymous_17)
FNF:18
FNH:0
FNDA:0,(anonymous_0)
FNDA:0,(anonymous_1)
FNDA:0,generateUuid
FNDA:0,(anonymous_3)
FNDA:0,randomInt
FNDA:0,randomChoice
FNDA:0,randomChoices
FNDA:0,(anonymous_7)
FNDA:0,generateMinIOUrl
FNDA:0,generateImagesForBusiness
FNDA:0,(anonymous_10)
FNDA:0,generateImagesForBusinesses
FNDA:0,(anonymous_12)
FNDA:0,validateBusinessImageData
FNDA:0,(anonymous_14)
FNDA:0,validateAllBusinessImageData
FNDA:0,(anonymous_16)
FNDA:0,(anonymous_17)
DA:11,0
DA:17,0
DA:23,0
DA:24,0
DA:25,0
DA:26,0
DA:34,0
DA:41,0
DA:48,0
DA:49,0
DA:57,0
DA:64,0
DA:69,0
DA:71,0
DA:72,0
DA:75,0
DA:76,0
DA:78,0
DA:79,0
DA:80,0
DA:82,0
DA:92,0
DA:103,0
DA:106,0
DA:107,0
DA:114,0
DA:117,0
DA:120,0
DA:121,0
DA:127,0
DA:128,0
DA:129,0
DA:131,0
DA:132,0
DA:136,0
DA:137,0
DA:139,0
DA:140,0
DA:142,0
DA:143,0
DA:148,0
DA:149,0
DA:150,0
DA:157,0
DA:158,0
DA:160,0
DA:161,0
DA:164,0
DA:173,0
DA:179,0
DA:180,0
DA:181,0
DA:189,0
DA:191,0
LF:54
LH:0
BRDA:25,0,0,0
BRDA:25,0,1,0
BRDA:71,1,0,0
BRDA:120,2,0,0
BRDA:120,3,0,0
BRDA:120,3,1,0
BRDA:128,4,0,0
BRDA:131,5,0,0
BRDA:136,6,0,0
BRDA:139,7,0,0
BRDA:139,8,0,0
BRDA:139,8,1,0
BRDA:142,9,0,0
BRDA:149,10,0,0
BRDA:149,11,0,0
BRDA:149,11,1,0
BRDA:160,12,0,0
BRF:17
BRH:0
end_of_record
TN:
SF:src\services\review-service.ts
FN:78,randomInt
FN:85,randomDateWithinSixMonths
FN:99,randomChoice
FN:106,generateReviewText
FN:132,generateReviewerName
FN:141,generateRating
FN:151,generateReviewsForBusiness
FN:195,generateReviewsForBusinesses
FN:196,(anonymous_8)
FN:202,validateAllBusinessReviews
FN:206,(anonymous_10)
FN:215,(anonymous_11)
FNF:12
FNH:0
FNDA:0,randomInt
FNDA:0,randomDateWithinSixMonths
FNDA:0,randomChoice
FNDA:0,generateReviewText
FNDA:0,generateReviewerName
FNDA:0,generateRating
FNDA:0,generateReviewsForBusiness
FNDA:0,generateReviewsForBusinesses
FNDA:0,(anonymous_8)
FNDA:0,validateAllBusinessReviews
FNDA:0,(anonymous_10)
FNDA:0,(anonymous_11)
DA:12,0
DA:23,0
DA:49,0
DA:60,0
DA:68,0
DA:79,0
DA:86,0
DA:87,0
DA:88,0
DA:90,0
DA:91,0
DA:93,0
DA:100,0
DA:107,0
DA:109,0
DA:115,0
DA:118,0
DA:119,0
DA:122,0
DA:123,0
DA:126,0
DA:133,0
DA:142,0
DA:143,0
DA:144,0
DA:151,0
DA:152,0
DA:153,0
DA:156,0
DA:157,0
DA:160,0
DA:163,0
DA:165,0
DA:167,0
DA:173,0
DA:175,0
DA:183,0
DA:186,0
DA:195,0
DA:196,0
DA:202,0
DA:206,0
DA:207,0
DA:208,0
DA:215,0
DA:217,0
LF:46
LH:0
BRDA:109,0,0,0
BRDA:109,0,1,0
BRDA:111,1,0,0
BRDA:111,1,1,0
BRDA:122,2,0,0
BRDA:141,3,0,0
BRDA:141,4,0,0
BRDA:142,5,0,0
BRDA:143,6,0,0
BRDA:160,7,0,0
BRDA:160,7,1,0
BRDA:167,8,0,0
BRDA:167,8,1,0
BRDA:169,9,0,0
BRDA:169,9,1,0
BRF:15
BRH:0
end_of_record
TN:
SF:src\types\business.ts
FN:79,isValidTimeFormat
FN:87,validateBusinessProfile
FN:141,getDefaultBusinessHours
FNF:3
FNH:0
FNDA:0,isValidTimeFormat
FNDA:0,validateBusinessProfile
FNDA:0,getDefaultBusinessHours
DA:79,0
DA:80,0
DA:81,0
DA:87,0
DA:88,0
DA:91,0
DA:92,0
DA:96,0
DA:97,0
DA:98,0
DA:102,0
DA:103,0
DA:104,0
DA:105,0
DA:106,0
DA:108,0
DA:109,0
DA:114,0
DA:126,0
DA:127,0
DA:128,0
DA:132,0
DA:141,0
DA:142,0
LF:24
LH:0
BRDA:91,0,0,0
BRDA:91,1,0,0
BRDA:91,1,1,0
BRDA:97,2,0,0
BRDA:105,3,0,0
BRDA:105,4,0,0
BRDA:105,4,1,0
BRDA:108,5,0,0
BRDA:108,6,0,0
BRDA:108,6,1,0
BRDA:127,7,0,0
BRF:11
BRH:0
end_of_record
TN:
SF:src\types\image.ts
FNF:0
FNH:0
DA:29,0
LF:1
LH:0
BRF:0
BRH:0
end_of_record
TN:
SF:src\types\index.ts
FNF:0
FNH:0
DA:7,0
DA:8,0
DA:9,0
DA:10,0
LF:4
LH:0
BRF:0
BRH:0
end_of_record
TN:
SF:src\types\review.ts
FN:41,validateReview
FN:71,validateBusinessReviews
FN:78,(anonymous_2)
FN:83,(anonymous_3)
FN:92,(anonymous_4)
FNF:5
FNH:0
FNDA:0,validateReview
FNDA:0,validateBusinessReviews
FNDA:0,(anonymous_2)
FNDA:0,(anonymous_3)
FNDA:0,(anonymous_4)
DA:24,0
DA:41,0
DA:42,0
DA:44,0
DA:45,0
DA:48,0
DA:49,0
DA:50,0
DA:53,0
DA:54,0
DA:55,0
DA:56,0
DA:59,0
DA:71,0
DA:72,0
DA:74,0
DA:75,0
DA:78,0
DA:79,0
DA:80,0
DA:83,0
DA:84,0
DA:85,0
DA:89,0
DA:90,0
DA:91,0
DA:92,0
DA:96,0
LF:28
LH:0
BRDA:44,0,0,0
BRDA:44,1,0,0
BRDA:44,1,1,0
BRDA:49,2,0,0
BRDA:49,3,0,0
BRDA:49,3,1,0
BRDA:55,4,0,0
BRDA:55,5,0,0
BRDA:55,5,1,0
BRDA:74,6,0,0
BRDA:74,7,0,0
BRDA:74,7,1,0
BRDA:79,8,0,0
BRDA:84,9,0,0
BRDA:91,10,0,0
BRF:15
BRH:0
end_of_record
TN:
SF:src\types\scrape-job.ts
FN:28,createScrapeJob
FN:49,updateScrapeJobStatus
FN:63,isValidScrapeJobStatus
FNF:3
FNH:3
FNDA:6,createScrapeJob
FNDA:5,updateScrapeJobStatus
FNDA:13,isValidScrapeJobStatus
DA:28,1
DA:34,6
DA:35,6
DA:49,1
DA:53,5
DA:63,1
DA:64,13
DA:65,13
LF:8
LH:8
BRF:0
BRH:0
end_of_record
TN:
SF:src\types\user-management.ts
FN:95,isValidRole
FN:102,isValidStatus
FN:109,getRoleLabel
FN:121,getStatusLabel
FN:133,getStatusVariant
FNF:5
FNH:0
FNDA:0,isValidRole
FNDA:0,isValidStatus
FNDA:0,getRoleLabel
FNDA:0,getStatusLabel
FNDA:0,getStatusVariant
DA:90,0
DA:95,0
DA:96,0
DA:102,0
DA:103,0
DA:109,0
DA:110,0
DA:115,0
DA:121,0
DA:122,0
DA:127,0
DA:133,0
DA:134,0
DA:139,0
LF:14
LH:0
BRF:0
BRH:0
end_of_record
TN:
SF:src\types\user.ts
FN:83,validatePassword
FN:115,isValidEmail
FNF:2
FNH:0
FNDA:0,validatePassword
FNDA:0,isValidEmail
DA:83,0
DA:84,0
DA:86,0
DA:87,0
DA:90,0
DA:91,0
DA:94,0
DA:95,0
DA:98,0
DA:99,0
DA:102,0
DA:103,0
DA:106,0
DA:115,0
DA:116,0
DA:117,0
LF:16
LH:0
BRDA:86,0,0,0
BRDA:90,1,0,0
BRDA:94,2,0,0
BRDA:98,3,0,0
BRDA:102,4,0,0
BRF:5
BRH:0
end_of_record
TN:
SF:src\utils\seed-runner.ts
FN:55,createDatabase
FN:74,businessExists
FN:82,userExists
FN:89,reviewsExistForBusiness
FN:96,imagesExistForBusiness
FN:103,countTestBusinesses
FN:110,countTestUsers
FN:118,clearTestData
FN:125,hasTestData
FN:133,seedBusinesses
FN:154,seedReviews
FN:177,seedImages
FN:203,seedUsers
FN:226,runSeed
FN:282,printSummary
FN:295,main
FN:313,(anonymous_16)
FNF:17
FNH:0
FNDA:0,createDatabase
FNDA:0,businessExists
FNDA:0,userExists
FNDA:0,reviewsExistForBusiness
FNDA:0,imagesExistForBusiness
FNDA:0,countTestBusinesses
FNDA:0,countTestUsers
FNDA:0,clearTestData
FNDA:0,hasTestData
FNDA:0,seedBusinesses
FNDA:0,seedReviews
FNDA:0,seedImages
FNDA:0,seedUsers
FNDA:0,runSeed
FNDA:0,printSummary
FNDA:0,main
FNDA:0,(anonymous_16)
DA:15,0
DA:23,0
DA:24,0
DA:56,0
DA:68,0
DA:74,0
DA:75,0
DA:82,0
DA:83,0
DA:89,0
DA:90,0
DA:96,0
DA:97,0
DA:103,0
DA:104,0
DA:110,0
DA:111,0
DA:118,0
DA:119,0
DA:125,0
DA:126,0
DA:134,0
DA:135,0
DA:136,0
DA:138,0
DA:139,0
DA:140,0
DA:142,0
DA:143,0
DA:147,0
DA:157,0
DA:158,0
DA:160,0
DA:161,0
DA:162,0
DA:164,0
DA:165,0
DA:166,0
DA:170,0
DA:180,0
DA:181,0
DA:183,0
DA:184,0
DA:185,0
DA:187,0
DA:192,0
DA:193,0
DA:197,0
DA:204,0
DA:205,0
DA:206,0
DA:208,0
DA:209,0
DA:210,0
DA:212,0
DA:213,0
DA:217,0
DA:226,0
DA:227,0
DA:230,0
DA:231,0
DA:232,0
DA:236,0
DA:237,0
DA:239,0
DA:240,0
DA:243,0
DA:247,0
DA:250,0
DA:253,0
DA:256,0
DA:259,0
DA:261,0
DA:262,0
DA:264,0
DA:276,0
DA:282,0
DA:283,0
DA:284,0
DA:285,0
DA:286,0
DA:287,0
DA:288,0
DA:289,0
DA:296,0
DA:297,0
DA:299,0
DA:300,0
DA:302,0
DA:303,0
DA:306,0
DA:307,0
DA:312,0
DA:313,0
DA:314,0
DA:315,0
DA:320,0
LF:97
LH:0
BRDA:90,0,0,0
BRDA:90,0,1,0
BRDA:97,1,0,0
BRDA:97,1,1,0
BRDA:126,2,0,0
BRDA:126,2,1,0
BRDA:139,3,0,0
BRDA:139,3,1,0
BRDA:161,4,0,0
BRDA:161,4,1,0
BRDA:184,5,0,0
BRDA:184,5,1,0
BRDA:190,6,0,0
BRDA:190,6,1,0
BRDA:209,7,0,0
BRDA:209,7,1,0
BRDA:226,8,0,0
BRDA:230,9,0,0
BRDA:239,10,0,0
BRDA:239,11,0,0
BRDA:239,11,1,0
BRDA:300,12,0,0
BRDA:300,12,1,0
BRDA:306,13,0,0
BRDA:306,14,0,0
BRDA:306,14,1,0
BRDA:312,15,0,0
BRF:27
BRH:0
end_of_record
TN:
SF:src\utils\test-data-seeder.ts
FN:42,formatBusinessName
FN:49,formatUserEmail
FN:60,isTestBusiness
FN:67,isTestEmail
FN:74,generateTestBusinesses
FN:86,(anonymous_5)
FN:104,generateTestUsers
FN:116,(anonymous_7)
FN:143,generateTestSeedData
FNF:9
FNH:0
FNDA:0,formatBusinessName
FNDA:0,formatUserEmail
FNDA:0,isTestBusiness
FNDA:0,isTestEmail
FNDA:0,generateTestBusinesses
FNDA:0,(anonymous_5)
FNDA:0,generateTestUsers
FNDA:0,(anonymous_7)
FNDA:0,generateTestSeedData
DA:12,0
DA:13,0
DA:42,0
DA:43,0
DA:49,0
DA:50,0
DA:54,0
DA:60,0
DA:61,0
DA:67,0
DA:68,0
DA:74,0
DA:75,0
DA:86,0
DA:87,0
DA:88,0
DA:89,0
DA:91,0
DA:104,0
DA:106,0
DA:108,0
DA:116,0
DA:117,0
DA:118,0
DA:119,0
DA:120,0
DA:122,0
DA:130,0
DA:131,0
DA:132,0
DA:135,0
DA:143,0
DA:147,0
DA:148,0
DA:149,0
DA:158,0
LF:36
LH:0
BRDA:74,0,0,0
BRDA:88,1,0,0
BRDA:88,1,1,0
BRDA:104,2,0,0
BRDA:118,3,0,0
BRDA:118,3,1,0
BRDA:130,4,0,0
BRDA:130,5,0,0
BRDA:130,5,1,0
BRDA:130,5,2,0
BRDA:144,6,0,0
BRDA:145,7,0,0
BRF:12
BRH:0
end_of_record
