{"C:\\Users\\Merlin\\Documents\\repos\\Black_Owned\\packages\\ui\\src\\app\\layout.tsx": {"path":"C:\\Users\\Merlin\\Documents\\repos\\Black_Owned\\packages\\ui\\src\\app\\layout.tsx","statementMap":{"0":{"start":{"line":3,"column":34},"end":{"line":6,"column":null}},"1":{"start":{"line":13,"column":2},"end":{"line":16,"column":null}}},"fnMap":{"0":{"name":"RootLayout","decl":{"start":{"line":8,"column":24},"end":{"line":8,"column":35}},"loc":{"start":{"line":12,"column":3},"end":{"line":18,"column":null}},"line":12}},"branchMap":{},"s":{"0":1,"1":1},"f":{"0":1},"b":{},"meta":{"lastBranch":0,"lastFunction":1,"lastStatement":2,"seen":{"s:3:34:6:Infinity":0,"f:8:24:8:35":0,"s:13:2:16:Infinity":1},"fnNames":{}}}
,"C:\\Users\\Merlin\\Documents\\repos\\Black_Owned\\packages\\ui\\src\\app\\page.tsx": {"path":"C:\\Users\\Merlin\\Documents\\repos\\Black_Owned\\packages\\ui\\src\\app\\page.tsx","statementMap":{"0":{"start":{"line":2,"column":2},"end":{"line":5,"column":null}}},"fnMap":{"0":{"name":"Home","decl":{"start":{"line":1,"column":24},"end":{"line":1,"column":31}},"loc":{"start":{"line":1,"column":31},"end":{"line":7,"column":null}},"line":1}},"branchMap":{},"s":{"0":2},"f":{"0":2},"b":{},"meta":{"lastBranch":0,"lastFunction":1,"lastStatement":1,"seen":{"f:1:24:1:31":0,"s:2:2:5:Infinity":0},"fnNames":{}}}
,"C:\\Users\\Merlin\\Documents\\repos\\Black_Owned\\packages\\ui\\src\\components\\BusinessCard.tsx": {"path":"C:\\Users\\Merlin\\Documents\\repos\\Black_Owned\\packages\\ui\\src\\components\\BusinessCard.tsx","statementMap":{"0":{"start":{"line":10,"column":13},"end":{"line":24,"column":null}},"1":{"start":{"line":16,"column":2},"end":{"line":22,"column":null}}},"fnMap":{"0":{"name":"(anonymous_0)","decl":{"start":{"line":10,"column":13},"end":{"line":10,"column":58}},"loc":{"start":{"line":15,"column":6},"end":{"line":24,"column":null}},"line":15}},"branchMap":{"0":{"loc":{"start":{"line":20,"column":7},"end":{"line":20,"column":null}},"type":"binary-expr","locations":[{"start":{"line":20,"column":7},"end":{"line":20,"column":22}},{"start":{"line":20,"column":22},"end":{"line":20,"column":null}}],"line":20},"1":{"loc":{"start":{"line":21,"column":7},"end":{"line":21,"column":null}},"type":"binary-expr","locations":[{"start":{"line":21,"column":7},"end":{"line":21,"column":18}},{"start":{"line":21,"column":18},"end":{"line":21,"column":null}}],"line":21}},"s":{"0":1,"1":5},"f":{"0":5},"b":{"0":[5,1],"1":[5,1]},"meta":{"lastBranch":2,"lastFunction":1,"lastStatement":2,"seen":{"s:10:13:24:Infinity":0,"f:10:13:10:58":0,"s:16:2:22:Infinity":1,"b:20:7:20:22:20:22:20:Infinity":0,"b:21:7:21:18:21:18:21:Infinity":1},"fnNames":{}}}
,"C:\\Users\\Merlin\\Documents\\repos\\Black_Owned\\packages\\ui\\src\\components\\ChatBubble.tsx": {"path":"C:\\Users\\Merlin\\Documents\\repos\\Black_Owned\\packages\\ui\\src\\components\\ChatBubble.tsx","statementMap":{"0":{"start":{"line":12,"column":13},"end":{"line":27,"column":null}},"1":{"start":{"line":18,"column":2},"end":{"line":25,"column":null}}},"fnMap":{"0":{"name":"(anonymous_0)","decl":{"start":{"line":12,"column":13},"end":{"line":12,"column":54}},"loc":{"start":{"line":17,"column":6},"end":{"line":27,"column":null}},"line":17}},"branchMap":{"0":{"loc":{"start":{"line":20,"column":7},"end":{"line":20,"column":null}},"type":"binary-expr","locations":[{"start":{"line":20,"column":7},"end":{"line":20,"column":21}},{"start":{"line":20,"column":21},"end":{"line":20,"column":null}}],"line":20},"1":{"loc":{"start":{"line":24,"column":7},"end":{"line":24,"column":null}},"type":"binary-expr","locations":[{"start":{"line":24,"column":7},"end":{"line":24,"column":20}},{"start":{"line":24,"column":20},"end":{"line":24,"column":null}}],"line":24}},"s":{"0":1,"1":8},"f":{"0":8},"b":{"0":[8,1],"1":[8,1]},"meta":{"lastBranch":2,"lastFunction":1,"lastStatement":2,"seen":{"s:12:13:27:Infinity":0,"f:12:13:12:54":0,"s:18:2:25:Infinity":1,"b:20:7:20:21:20:21:20:Infinity":0,"b:24:7:24:20:24:20:24:Infinity":1},"fnNames":{}}}
,"C:\\Users\\Merlin\\Documents\\repos\\Black_Owned\\packages\\ui\\src\\components\\FilterSidebar.tsx": {"path":"C:\\Users\\Merlin\\Documents\\repos\\Black_Owned\\packages\\ui\\src\\components\\FilterSidebar.tsx","statementMap":{"0":{"start":{"line":15,"column":13},"end":{"line":48,"column":null}},"1":{"start":{"line":21,"column":8},"end":{"line":27,"column":null}},"2":{"start":{"line":22,"column":4},"end":{"line":26,"column":null}},"3":{"start":{"line":23,"column":6},"end":{"line":23,"column":null}},"4":{"start":{"line":23,"column":44},"end":{"line":23,"column":55}},"5":{"start":{"line":25,"column":6},"end":{"line":25,"column":null}},"6":{"start":{"line":29,"column":2},"end":{"line":46,"column":null}},"7":{"start":{"line":34,"column":10},"end":{"line":43,"column":null}},"8":{"start":{"line":39,"column":32},"end":{"line":39,"column":null}}},"fnMap":{"0":{"name":"(anonymous_0)","decl":{"start":{"line":15,"column":13},"end":{"line":15,"column":60}},"loc":{"start":{"line":20,"column":6},"end":{"line":48,"column":null}},"line":20},"1":{"name":"(anonymous_1)","decl":{"start":{"line":21,"column":8},"end":{"line":21,"column":24}},"loc":{"start":{"line":21,"column":42},"end":{"line":27,"column":null}},"line":21},"2":{"name":"(anonymous_2)","decl":{"start":{"line":23,"column":30},"end":{"line":23,"column":38}},"loc":{"start":{"line":23,"column":44},"end":{"line":23,"column":55}},"line":23},"3":{"name":"(anonymous_3)","decl":{"start":{"line":33,"column":17},"end":{"line":33,"column":22}},"loc":{"start":{"line":34,"column":10},"end":{"line":43,"column":null}},"line":34},"4":{"name":"(anonymous_4)","decl":{"start":{"line":39,"column":16},"end":{"line":39,"column":32}},"loc":{"start":{"line":39,"column":32},"end":{"line":39,"column":null}},"line":39}},"branchMap":{"0":{"loc":{"start":{"line":16,"column":2},"end":{"line":16,"column":null}},"type":"default-arg","locations":[{"start":{"line":16,"column":10},"end":{"line":16,"column":null}}],"line":16},"1":{"loc":{"start":{"line":22,"column":4},"end":{"line":26,"column":null}},"type":"if","locations":[{"start":{"line":22,"column":4},"end":{"line":26,"column":null}},{"start":{"line":24,"column":11},"end":{"line":26,"column":null}}],"line":22}},"s":{"0":1,"1":7,"2":2,"3":1,"4":1,"5":1,"6":7,"7":6,"8":2},"f":{"0":7,"1":2,"2":1,"3":6,"4":2},"b":{"0":[7],"1":[1,1]},"meta":{"lastBranch":2,"lastFunction":5,"lastStatement":9,"seen":{"s:15:13:48:Infinity":0,"f:15:13:15:60":0,"b:16:10:16:Infinity":0,"s:21:8:27:Infinity":1,"f:21:8:21:24":1,"b:22:4:26:Infinity:24:11:26:Infinity":1,"s:22:4:26:Infinity":2,"s:23:6:23:Infinity":3,"f:23:30:23:38":2,"s:23:44:23:55":4,"s:25:6:25:Infinity":5,"s:29:2:46:Infinity":6,"f:33:17:33:22":3,"s:34:10:43:Infinity":7,"f:39:16:39:32":4,"s:39:32:39:Infinity":8},"fnNames":{}}}
,"C:\\Users\\Merlin\\Documents\\repos\\Black_Owned\\packages\\ui\\src\\components\\NotificationBanner.tsx": {"path":"C:\\Users\\Merlin\\Documents\\repos\\Black_Owned\\packages\\ui\\src\\components\\NotificationBanner.tsx","statementMap":{"0":{"start":{"line":12,"column":13},"end":{"line":28,"column":null}},"1":{"start":{"line":18,"column":2},"end":{"line":26,"column":null}}},"fnMap":{"0":{"name":"(anonymous_0)","decl":{"start":{"line":12,"column":13},"end":{"line":12,"column":70}},"loc":{"start":{"line":17,"column":6},"end":{"line":28,"column":null}},"line":17}},"branchMap":{"0":{"loc":{"start":{"line":14,"column":2},"end":{"line":14,"column":null}},"type":"default-arg","locations":[{"start":{"line":14,"column":9},"end":{"line":14,"column":null}}],"line":14},"1":{"loc":{"start":{"line":16,"column":2},"end":{"line":16,"column":null}},"type":"default-arg","locations":[{"start":{"line":16,"column":16},"end":{"line":16,"column":null}}],"line":16},"2":{"loc":{"start":{"line":21,"column":7},"end":{"line":26,"column":null}},"type":"binary-expr","locations":[{"start":{"line":21,"column":7},"end":{"line":21,"column":22}},{"start":{"line":21,"column":22},"end":{"line":21,"column":null}},{"start":{"line":22,"column":8},"end":{"line":26,"column":null}}],"line":21}},"s":{"0":1,"1":8},"f":{"0":8},"b":{"0":[8],"1":[8],"2":[8,7,2]},"meta":{"lastBranch":3,"lastFunction":1,"lastStatement":2,"seen":{"s:12:13:28:Infinity":0,"f:12:13:12:70":0,"b:14:9:14:Infinity":0,"b:16:16:16:Infinity":1,"s:18:2:26:Infinity":1,"b:21:7:21:22:21:22:21:Infinity:22:8:26:Infinity":2},"fnNames":{}}}
,"C:\\Users\\Merlin\\Documents\\repos\\Black_Owned\\packages\\ui\\src\\components\\Pagination.tsx": {"path":"C:\\Users\\Merlin\\Documents\\repos\\Black_Owned\\packages\\ui\\src\\components\\Pagination.tsx","statementMap":{"0":{"start":{"line":10,"column":13},"end":{"line":81,"column":null}},"1":{"start":{"line":16,"column":8},"end":{"line":20,"column":null}},"2":{"start":{"line":17,"column":4},"end":{"line":19,"column":null}},"3":{"start":{"line":18,"column":6},"end":{"line":18,"column":null}},"4":{"start":{"line":22,"column":8},"end":{"line":26,"column":null}},"5":{"start":{"line":23,"column":4},"end":{"line":25,"column":null}},"6":{"start":{"line":24,"column":6},"end":{"line":24,"column":null}},"7":{"start":{"line":28,"column":8},"end":{"line":48,"column":null}},"8":{"start":{"line":29,"column":38},"end":{"line":29,"column":null}},"9":{"start":{"line":30,"column":18},"end":{"line":30,"column":null}},"10":{"start":{"line":31,"column":16},"end":{"line":31,"column":null}},"11":{"start":{"line":33,"column":4},"end":{"line":36,"column":null}},"12":{"start":{"line":34,"column":6},"end":{"line":34,"column":null}},"13":{"start":{"line":35,"column":6},"end":{"line":35,"column":null}},"14":{"start":{"line":35,"column":21},"end":{"line":35,"column":null}},"15":{"start":{"line":38,"column":4},"end":{"line":40,"column":null}},"16":{"start":{"line":38,"column":17},"end":{"line":38,"column":24}},"17":{"start":{"line":39,"column":6},"end":{"line":39,"column":null}},"18":{"start":{"line":42,"column":4},"end":{"line":45,"column":null}},"19":{"start":{"line":43,"column":6},"end":{"line":43,"column":null}},"20":{"start":{"line":43,"column":32},"end":{"line":43,"column":null}},"21":{"start":{"line":44,"column":6},"end":{"line":44,"column":null}},"22":{"start":{"line":47,"column":4},"end":{"line":47,"column":null}},"23":{"start":{"line":50,"column":2},"end":{"line":79,"column":null}},"24":{"start":{"line":61,"column":10},"end":{"line":69,"column":null}},"25":{"start":{"line":64,"column":29},"end":{"line":64,"column":null}}},"fnMap":{"0":{"name":"(anonymous_0)","decl":{"start":{"line":10,"column":13},"end":{"line":10,"column":54}},"loc":{"start":{"line":15,"column":6},"end":{"line":81,"column":null}},"line":15},"1":{"name":"(anonymous_1)","decl":{"start":{"line":16,"column":8},"end":{"line":16,"column":31}},"loc":{"start":{"line":16,"column":31},"end":{"line":20,"column":null}},"line":16},"2":{"name":"(anonymous_2)","decl":{"start":{"line":22,"column":8},"end":{"line":22,"column":27}},"loc":{"start":{"line":22,"column":27},"end":{"line":26,"column":null}},"line":22},"3":{"name":"(anonymous_3)","decl":{"start":{"line":28,"column":8},"end":{"line":28,"column":51}},"loc":{"start":{"line":28,"column":51},"end":{"line":48,"column":null}},"line":28},"4":{"name":"(anonymous_4)","decl":{"start":{"line":60,"column":26},"end":{"line":60,"column":31}},"loc":{"start":{"line":61,"column":10},"end":{"line":69,"column":null}},"line":61},"5":{"name":"(anonymous_5)","decl":{"start":{"line":64,"column":14},"end":{"line":64,"column":29}},"loc":{"start":{"line":64,"column":29},"end":{"line":64,"column":null}},"line":64}},"branchMap":{"0":{"loc":{"start":{"line":14,"column":2},"end":{"line":14,"column":null}},"type":"default-arg","locations":[{"start":{"line":14,"column":17},"end":{"line":14,"column":null}}],"line":14},"1":{"loc":{"start":{"line":17,"column":4},"end":{"line":19,"column":null}},"type":"if","locations":[{"start":{"line":17,"column":4},"end":{"line":19,"column":null}},{"start":{},"end":{}}],"line":17},"2":{"loc":{"start":{"line":23,"column":4},"end":{"line":25,"column":null}},"type":"if","locations":[{"start":{"line":23,"column":4},"end":{"line":25,"column":null}},{"start":{},"end":{}}],"line":23},"3":{"loc":{"start":{"line":33,"column":4},"end":{"line":36,"column":null}},"type":"if","locations":[{"start":{"line":33,"column":4},"end":{"line":36,"column":null}},{"start":{},"end":{}}],"line":33},"4":{"loc":{"start":{"line":35,"column":6},"end":{"line":35,"column":null}},"type":"if","locations":[{"start":{"line":35,"column":6},"end":{"line":35,"column":null}},{"start":{},"end":{}}],"line":35},"5":{"loc":{"start":{"line":42,"column":4},"end":{"line":45,"column":null}},"type":"if","locations":[{"start":{"line":42,"column":4},"end":{"line":45,"column":null}},{"start":{},"end":{}}],"line":42},"6":{"loc":{"start":{"line":43,"column":6},"end":{"line":43,"column":null}},"type":"if","locations":[{"start":{"line":43,"column":6},"end":{"line":43,"column":null}},{"start":{},"end":{}}],"line":43},"7":{"loc":{"start":{"line":63,"column":25},"end":{"line":63,"column":null}},"type":"cond-expr","locations":[{"start":{"line":63,"column":48},"end":{"line":63,"column":59}},{"start":{"line":63,"column":59},"end":{"line":63,"column":null}}],"line":63},"8":{"loc":{"start":{"line":64,"column":29},"end":{"line":64,"column":null}},"type":"binary-expr","locations":[{"start":{"line":64,"column":29},"end":{"line":64,"column":57}},{"start":{"line":64,"column":57},"end":{"line":64,"column":null}}],"line":64}},"s":{"0":1,"1":9,"2":1,"3":1,"4":9,"5":1,"6":1,"7":9,"8":9,"9":9,"10":9,"11":9,"12":4,"13":4,"14":2,"15":9,"16":9,"17":21,"18":9,"19":8,"20":6,"21":8,"22":9,"23":9,"24":41,"25":1},"f":{"0":9,"1":1,"2":1,"3":9,"4":41,"5":1},"b":{"0":[9],"1":[1,0],"2":[1,0],"3":[4,5],"4":[2,2],"5":[8,1],"6":[6,2],"7":[9,32],"8":[1,1]},"meta":{"lastBranch":9,"lastFunction":6,"lastStatement":26,"seen":{"s:10:13:81:Infinity":0,"f:10:13:10:54":0,"b:14:17:14:Infinity":0,"s:16:8:20:Infinity":1,"f:16:8:16:31":1,"b:17:4:19:Infinity:undefined:undefined:undefined:undefined":1,"s:17:4:19:Infinity":2,"s:18:6:18:Infinity":3,"s:22:8:26:Infinity":4,"f:22:8:22:27":2,"b:23:4:25:Infinity:undefined:undefined:undefined:undefined":2,"s:23:4:25:Infinity":5,"s:24:6:24:Infinity":6,"s:28:8:48:Infinity":7,"f:28:8:28:51":3,"s:29:38:29:Infinity":8,"s:30:18:30:Infinity":9,"s:31:16:31:Infinity":10,"b:33:4:36:Infinity:undefined:undefined:undefined:undefined":3,"s:33:4:36:Infinity":11,"s:34:6:34:Infinity":12,"b:35:6:35:Infinity:undefined:undefined:undefined:undefined":4,"s:35:6:35:Infinity":13,"s:35:21:35:Infinity":14,"s:38:4:40:Infinity":15,"s:38:17:38:24":16,"s:39:6:39:Infinity":17,"b:42:4:45:Infinity:undefined:undefined:undefined:undefined":5,"s:42:4:45:Infinity":18,"b:43:6:43:Infinity:undefined:undefined:undefined:undefined":6,"s:43:6:43:Infinity":19,"s:43:32:43:Infinity":20,"s:44:6:44:Infinity":21,"s:47:4:47:Infinity":22,"s:50:2:79:Infinity":23,"f:60:26:60:31":4,"s:61:10:69:Infinity":24,"b:63:48:63:59:63:59:63:Infinity":7,"f:64:14:64:29":5,"s:64:29:64:Infinity":25,"b:64:29:64:57:64:57:64:Infinity":8},"fnNames":{}}}
,"C:\\Users\\Merlin\\Documents\\repos\\Black_Owned\\packages\\ui\\src\\components\\SearchBar.tsx": {"path":"C:\\Users\\Merlin\\Documents\\repos\\Black_Owned\\packages\\ui\\src\\components\\SearchBar.tsx","statementMap":{"0":{"start":{"line":10,"column":13},"end":{"line":32,"column":null}},"1":{"start":{"line":16,"column":8},"end":{"line":20,"column":null}},"2":{"start":{"line":17,"column":4},"end":{"line":19,"column":null}},"3":{"start":{"line":18,"column":6},"end":{"line":18,"column":null}},"4":{"start":{"line":22,"column":2},"end":{"line":30,"column":null}},"5":{"start":{"line":28,"column":23},"end":{"line":28,"column":null}}},"fnMap":{"0":{"name":"(anonymous_0)","decl":{"start":{"line":10,"column":13},"end":{"line":10,"column":52}},"loc":{"start":{"line":15,"column":6},"end":{"line":32,"column":null}},"line":15},"1":{"name":"(anonymous_1)","decl":{"start":{"line":16,"column":8},"end":{"line":16,"column":25}},"loc":{"start":{"line":16,"column":70},"end":{"line":20,"column":null}},"line":16},"2":{"name":"(anonymous_2)","decl":{"start":{"line":28,"column":6},"end":{"line":28,"column":17}},"loc":{"start":{"line":28,"column":23},"end":{"line":28,"column":null}},"line":28}},"branchMap":{"0":{"loc":{"start":{"line":11,"column":2},"end":{"line":11,"column":null}},"type":"default-arg","locations":[{"start":{"line":11,"column":16},"end":{"line":11,"column":null}}],"line":11},"1":{"loc":{"start":{"line":17,"column":4},"end":{"line":19,"column":null}},"type":"if","locations":[{"start":{"line":17,"column":4},"end":{"line":19,"column":null}},{"start":{},"end":{}}],"line":17},"2":{"loc":{"start":{"line":17,"column":8},"end":{"line":17,"column":39}},"type":"binary-expr","locations":[{"start":{"line":17,"column":8},"end":{"line":17,"column":29}},{"start":{"line":17,"column":29},"end":{"line":17,"column":39}}],"line":17}},"s":{"0":1,"1":6,"2":2,"3":1,"4":6,"5":1},"f":{"0":6,"1":2,"2":1},"b":{"0":[6],"1":[1,1],"2":[2,1]},"meta":{"lastBranch":3,"lastFunction":3,"lastStatement":6,"seen":{"s:10:13:32:Infinity":0,"f:10:13:10:52":0,"b:11:16:11:Infinity":0,"s:16:8:20:Infinity":1,"f:16:8:16:25":1,"b:17:4:19:Infinity:undefined:undefined:undefined:undefined":1,"s:17:4:19:Infinity":2,"b:17:8:17:29:17:29:17:39":2,"s:18:6:18:Infinity":3,"s:22:2:30:Infinity":4,"f:28:6:28:17":2,"s:28:23:28:Infinity":5},"fnNames":{}}}
,"C:\\Users\\Merlin\\Documents\\repos\\Black_Owned\\packages\\ui\\src\\components\\StarRating.tsx": {"path":"C:\\Users\\Merlin\\Documents\\repos\\Black_Owned\\packages\\ui\\src\\components\\StarRating.tsx","statementMap":{"0":{"start":{"line":10,"column":13},"end":{"line":37,"column":null}},"1":{"start":{"line":16,"column":8},"end":{"line":20,"column":null}},"2":{"start":{"line":17,"column":4},"end":{"line":19,"column":null}},"3":{"start":{"line":18,"column":6},"end":{"line":18,"column":null}},"4":{"start":{"line":22,"column":2},"end":{"line":35,"column":null}},"5":{"start":{"line":24,"column":50},"end":{"line":24,"column":55}},"6":{"start":{"line":25,"column":8},"end":{"line":33,"column":null}},"7":{"start":{"line":28,"column":25},"end":{"line":28,"column":null}}},"fnMap":{"0":{"name":"(anonymous_0)","decl":{"start":{"line":10,"column":13},"end":{"line":10,"column":54}},"loc":{"start":{"line":15,"column":6},"end":{"line":37,"column":null}},"line":15},"1":{"name":"(anonymous_1)","decl":{"start":{"line":16,"column":8},"end":{"line":16,"column":23}},"loc":{"start":{"line":16,"column":40},"end":{"line":20,"column":null}},"line":16},"2":{"name":"(anonymous_2)","decl":{"start":{"line":24,"column":37},"end":{"line":24,"column":41}},"loc":{"start":{"line":24,"column":50},"end":{"line":24,"column":55}},"line":24},"3":{"name":"(anonymous_3)","decl":{"start":{"line":24,"column":57},"end":{"line":24,"column":62}},"loc":{"start":{"line":25,"column":8},"end":{"line":33,"column":null}},"line":25},"4":{"name":"(anonymous_4)","decl":{"start":{"line":28,"column":10},"end":{"line":28,"column":25}},"loc":{"start":{"line":28,"column":25},"end":{"line":28,"column":null}},"line":28}},"branchMap":{"0":{"loc":{"start":{"line":12,"column":2},"end":{"line":12,"column":null}},"type":"default-arg","locations":[{"start":{"line":12,"column":13},"end":{"line":12,"column":null}}],"line":12},"1":{"loc":{"start":{"line":13,"column":2},"end":{"line":13,"column":null}},"type":"default-arg","locations":[{"start":{"line":13,"column":16},"end":{"line":13,"column":null}}],"line":13},"2":{"loc":{"start":{"line":17,"column":4},"end":{"line":19,"column":null}},"type":"if","locations":[{"start":{"line":17,"column":4},"end":{"line":19,"column":null}},{"start":{},"end":{}}],"line":17},"3":{"loc":{"start":{"line":17,"column":8},"end":{"line":17,"column":39}},"type":"binary-expr","locations":[{"start":{"line":17,"column":8},"end":{"line":17,"column":23}},{"start":{"line":17,"column":23},"end":{"line":17,"column":39}}],"line":17},"4":{"loc":{"start":{"line":27,"column":29},"end":{"line":27,"column":60}},"type":"cond-expr","locations":[{"start":{"line":27,"column":46},"end":{"line":27,"column":57}},{"start":{"line":27,"column":57},"end":{"line":27,"column":60}}],"line":27},"5":{"loc":{"start":{"line":27,"column":63},"end":{"line":27,"column":null}},"type":"cond-expr","locations":[{"start":{"line":27,"column":77},"end":{"line":27,"column":91}},{"start":{"line":27,"column":91},"end":{"line":27,"column":null}}],"line":27},"6":{"loc":{"start":{"line":29,"column":16},"end":{"line":29,"column":null}},"type":"cond-expr","locations":[{"start":{"line":29,"column":30},"end":{"line":29,"column":41}},{"start":{"line":29,"column":41},"end":{"line":29,"column":null}}],"line":29},"7":{"loc":{"start":{"line":30,"column":20},"end":{"line":30,"column":null}},"type":"cond-expr","locations":[{"start":{"line":30,"column":34},"end":{"line":30,"column":38}},{"start":{"line":30,"column":38},"end":{"line":30,"column":null}}],"line":30},"8":{"loc":{"start":{"line":32,"column":11},"end":{"line":32,"column":null}},"type":"cond-expr","locations":[{"start":{"line":32,"column":28},"end":{"line":32,"column":34}},{"start":{"line":32,"column":34},"end":{"line":32,"column":null}}],"line":32}},"s":{"0":1,"1":7,"2":2,"3":1,"4":7,"5":40,"6":40,"7":2},"f":{"0":7,"1":2,"2":40,"3":40,"4":2},"b":{"0":[7],"1":[7],"2":[1,1],"3":[2,1],"4":[20,20],"5":[10,30],"6":[10,30],"7":[10,30],"8":[20,20]},"meta":{"lastBranch":9,"lastFunction":5,"lastStatement":8,"seen":{"s:10:13:37:Infinity":0,"f:10:13:10:54":0,"b:12:13:12:Infinity":0,"b:13:16:13:Infinity":1,"s:16:8:20:Infinity":1,"f:16:8:16:23":1,"b:17:4:19:Infinity:undefined:undefined:undefined:undefined":2,"s:17:4:19:Infinity":2,"b:17:8:17:23:17:23:17:39":3,"s:18:6:18:Infinity":3,"s:22:2:35:Infinity":4,"f:24:37:24:41":2,"s:24:50:24:55":5,"f:24:57:24:62":3,"s:25:8:33:Infinity":6,"b:27:46:27:57:27:57:27:60":4,"b:27:77:27:91:27:91:27:Infinity":5,"f:28:10:28:25":4,"s:28:25:28:Infinity":7,"b:29:30:29:41:29:41:29:Infinity":6,"b:30:34:30:38:30:38:30:Infinity":7,"b:32:28:32:34:32:34:32:Infinity":8},"fnNames":{}}}
,"C:\\Users\\Merlin\\Documents\\repos\\Black_Owned\\packages\\ui\\src\\components\\VerifiedBadge.tsx": {"path":"C:\\Users\\Merlin\\Documents\\repos\\Black_Owned\\packages\\ui\\src\\components\\VerifiedBadge.tsx","statementMap":{"0":{"start":{"line":8,"column":13},"end":{"line":18,"column":null}},"1":{"start":{"line":12,"column":2},"end":{"line":16,"column":null}}},"fnMap":{"0":{"name":"(anonymous_0)","decl":{"start":{"line":8,"column":13},"end":{"line":8,"column":60}},"loc":{"start":{"line":11,"column":6},"end":{"line":18,"column":null}},"line":11}},"branchMap":{"0":{"loc":{"start":{"line":9,"column":2},"end":{"line":9,"column":null}},"type":"default-arg","locations":[{"start":{"line":9,"column":13},"end":{"line":9,"column":null}}],"line":9},"1":{"loc":{"start":{"line":13,"column":39},"end":{"line":13,"column":null}},"type":"cond-expr","locations":[{"start":{"line":13,"column":50},"end":{"line":13,"column":63}},{"start":{"line":13,"column":63},"end":{"line":13,"column":null}}],"line":13},"2":{"loc":{"start":{"line":14,"column":7},"end":{"line":14,"column":null}},"type":"cond-expr","locations":[{"start":{"line":14,"column":18},"end":{"line":14,"column":24}},{"start":{"line":14,"column":24},"end":{"line":14,"column":null}}],"line":14},"3":{"loc":{"start":{"line":15,"column":7},"end":{"line":16,"column":null}},"type":"binary-expr","locations":[{"start":{"line":15,"column":7},"end":{"line":15,"column":16}},{"start":{"line":15,"column":16},"end":{"line":16,"column":null}}],"line":15}},"s":{"0":1,"1":7},"f":{"0":7},"b":{"0":[7],"1":[5,2],"2":[5,2],"3":[7,1]},"meta":{"lastBranch":4,"lastFunction":1,"lastStatement":2,"seen":{"s:8:13:18:Infinity":0,"f:8:13:8:60":0,"b:9:13:9:Infinity":0,"s:12:2:16:Infinity":1,"b:13:50:13:63:13:63:13:Infinity":1,"b:14:18:14:24:14:24:14:Infinity":2,"b:15:7:15:16:15:16:16:Infinity":3},"fnNames":{}}}
}
