{"C:\\Users\\Merlin\\Documents\\repos\\Black_Owned\\packages\\ui\\src\\app\\layout.tsx": {"path":"C:\\Users\\Merlin\\Documents\\repos\\Black_Owned\\packages\\ui\\src\\app\\layout.tsx","statementMap":{"0":{"start":{"line":4,"column":34},"end":{"line":7,"column":null}},"1":{"start":{"line":14,"column":2},"end":{"line":22,"column":null}}},"fnMap":{"0":{"name":"RootLayout","decl":{"start":{"line":9,"column":24},"end":{"line":9,"column":35}},"loc":{"start":{"line":13,"column":3},"end":{"line":24,"column":null}},"line":13}},"branchMap":{},"s":{"0":1,"1":1},"f":{"0":1},"b":{},"meta":{"lastBranch":0,"lastFunction":1,"lastStatement":2,"seen":{"s:4:34:7:Infinity":0,"f:9:24:9:35":0,"s:14:2:22:Infinity":1},"fnNames":{}}}
,"C:\\Users\\Merlin\\Documents\\repos\\Black_Owned\\packages\\ui\\src\\app\\page.tsx": {"path":"C:\\Users\\Merlin\\Documents\\repos\\Black_Owned\\packages\\ui\\src\\app\\page.tsx","statementMap":{"0":{"start":{"line":1,"column":0},"end":{"line":1,"column":null}},"1":{"start":{"line":14,"column":40},"end":{"line":14,"column":null}},"2":{"start":{"line":15,"column":48},"end":{"line":15,"column":null}},"3":{"start":{"line":16,"column":40},"end":{"line":16,"column":null}},"4":{"start":{"line":18,"column":24},"end":{"line":23,"column":null}},"5":{"start":{"line":25,"column":2},"end":{"line":123,"column":null}}},"fnMap":{"0":{"name":"Home","decl":{"start":{"line":13,"column":24},"end":{"line":13,"column":31}},"loc":{"start":{"line":13,"column":31},"end":{"line":125,"column":null}},"line":13}},"branchMap":{},"s":{"0":1,"1":2,"2":2,"3":2,"4":2,"5":2},"f":{"0":2},"b":{},"meta":{"lastBranch":0,"lastFunction":1,"lastStatement":6,"seen":{"s:1:0:1:Infinity":0,"f:13:24:13:31":0,"s:14:40:14:Infinity":1,"s:15:48:15:Infinity":2,"s:16:40:16:Infinity":3,"s:18:24:23:Infinity":4,"s:25:2:123:Infinity":5},"fnNames":{}}}
,"C:\\Users\\Merlin\\Documents\\repos\\Black_Owned\\packages\\ui\\src\\components\\BusinessCard.tsx": {"path":"C:\\Users\\Merlin\\Documents\\repos\\Black_Owned\\packages\\ui\\src\\components\\BusinessCard.tsx","statementMap":{"0":{"start":{"line":11,"column":13},"end":{"line":25,"column":null}},"1":{"start":{"line":17,"column":2},"end":{"line":23,"column":null}}},"fnMap":{"0":{"name":"(anonymous_0)","decl":{"start":{"line":11,"column":13},"end":{"line":11,"column":58}},"loc":{"start":{"line":16,"column":6},"end":{"line":25,"column":null}},"line":16}},"branchMap":{"0":{"loc":{"start":{"line":21,"column":7},"end":{"line":21,"column":null}},"type":"binary-expr","locations":[{"start":{"line":21,"column":7},"end":{"line":21,"column":22}},{"start":{"line":21,"column":22},"end":{"line":21,"column":null}}],"line":21},"1":{"loc":{"start":{"line":22,"column":7},"end":{"line":22,"column":null}},"type":"binary-expr","locations":[{"start":{"line":22,"column":7},"end":{"line":22,"column":18}},{"start":{"line":22,"column":18},"end":{"line":22,"column":null}}],"line":22}},"s":{"0":2,"1":16},"f":{"0":16},"b":{"0":[16,7],"1":[16,8]},"meta":{"lastBranch":2,"lastFunction":1,"lastStatement":2,"seen":{"s:11:13:25:Infinity":0,"f:11:13:11:58":0,"s:17:2:23:Infinity":1,"b:21:7:21:22:21:22:21:Infinity":0,"b:22:7:22:18:22:18:22:Infinity":1},"fnNames":{}}}
,"C:\\Users\\Merlin\\Documents\\repos\\Black_Owned\\packages\\ui\\src\\components\\ChatBubble.tsx": {"path":"C:\\Users\\Merlin\\Documents\\repos\\Black_Owned\\packages\\ui\\src\\components\\ChatBubble.tsx","statementMap":{"0":{"start":{"line":13,"column":13},"end":{"line":28,"column":null}},"1":{"start":{"line":19,"column":2},"end":{"line":26,"column":null}}},"fnMap":{"0":{"name":"(anonymous_0)","decl":{"start":{"line":13,"column":13},"end":{"line":13,"column":54}},"loc":{"start":{"line":18,"column":6},"end":{"line":28,"column":null}},"line":18}},"branchMap":{"0":{"loc":{"start":{"line":21,"column":7},"end":{"line":21,"column":null}},"type":"binary-expr","locations":[{"start":{"line":21,"column":7},"end":{"line":21,"column":21}},{"start":{"line":21,"column":21},"end":{"line":21,"column":null}}],"line":21},"1":{"loc":{"start":{"line":25,"column":7},"end":{"line":25,"column":null}},"type":"binary-expr","locations":[{"start":{"line":25,"column":7},"end":{"line":25,"column":20}},{"start":{"line":25,"column":20},"end":{"line":25,"column":null}}],"line":25}},"s":{"0":2,"1":14},"f":{"0":14},"b":{"0":[14,3],"1":[14,5]},"meta":{"lastBranch":2,"lastFunction":1,"lastStatement":2,"seen":{"s:13:13:28:Infinity":0,"f:13:13:13:54":0,"s:19:2:26:Infinity":1,"b:21:7:21:21:21:21:21:Infinity":0,"b:25:7:25:20:25:20:25:Infinity":1},"fnNames":{}}}
,"C:\\Users\\Merlin\\Documents\\repos\\Black_Owned\\packages\\ui\\src\\components\\FilterSidebar.tsx": {"path":"C:\\Users\\Merlin\\Documents\\repos\\Black_Owned\\packages\\ui\\src\\components\\FilterSidebar.tsx","statementMap":{"0":{"start":{"line":16,"column":13},"end":{"line":49,"column":null}},"1":{"start":{"line":22,"column":8},"end":{"line":28,"column":null}},"2":{"start":{"line":23,"column":4},"end":{"line":27,"column":null}},"3":{"start":{"line":24,"column":6},"end":{"line":24,"column":null}},"4":{"start":{"line":24,"column":44},"end":{"line":24,"column":55}},"5":{"start":{"line":26,"column":6},"end":{"line":26,"column":null}},"6":{"start":{"line":30,"column":2},"end":{"line":47,"column":null}},"7":{"start":{"line":35,"column":10},"end":{"line":44,"column":null}},"8":{"start":{"line":40,"column":32},"end":{"line":40,"column":null}}},"fnMap":{"0":{"name":"(anonymous_0)","decl":{"start":{"line":16,"column":13},"end":{"line":16,"column":60}},"loc":{"start":{"line":21,"column":6},"end":{"line":49,"column":null}},"line":21},"1":{"name":"(anonymous_1)","decl":{"start":{"line":22,"column":8},"end":{"line":22,"column":24}},"loc":{"start":{"line":22,"column":42},"end":{"line":28,"column":null}},"line":22},"2":{"name":"(anonymous_2)","decl":{"start":{"line":24,"column":30},"end":{"line":24,"column":38}},"loc":{"start":{"line":24,"column":44},"end":{"line":24,"column":55}},"line":24},"3":{"name":"(anonymous_3)","decl":{"start":{"line":34,"column":17},"end":{"line":34,"column":22}},"loc":{"start":{"line":35,"column":10},"end":{"line":44,"column":null}},"line":35},"4":{"name":"(anonymous_4)","decl":{"start":{"line":40,"column":16},"end":{"line":40,"column":32}},"loc":{"start":{"line":40,"column":32},"end":{"line":40,"column":null}},"line":40}},"branchMap":{"0":{"loc":{"start":{"line":17,"column":2},"end":{"line":17,"column":null}},"type":"default-arg","locations":[{"start":{"line":17,"column":10},"end":{"line":17,"column":null}}],"line":17},"1":{"loc":{"start":{"line":23,"column":4},"end":{"line":27,"column":null}},"type":"if","locations":[{"start":{"line":23,"column":4},"end":{"line":27,"column":null}},{"start":{"line":25,"column":11},"end":{"line":27,"column":null}}],"line":23}},"s":{"0":2,"1":11,"2":2,"3":1,"4":1,"5":1,"6":11,"7":16,"8":2},"f":{"0":11,"1":2,"2":1,"3":16,"4":2},"b":{"0":[11],"1":[1,1]},"meta":{"lastBranch":2,"lastFunction":5,"lastStatement":9,"seen":{"s:16:13:49:Infinity":0,"f:16:13:16:60":0,"b:17:10:17:Infinity":0,"s:22:8:28:Infinity":1,"f:22:8:22:24":1,"b:23:4:27:Infinity:25:11:27:Infinity":1,"s:23:4:27:Infinity":2,"s:24:6:24:Infinity":3,"f:24:30:24:38":2,"s:24:44:24:55":4,"s:26:6:26:Infinity":5,"s:30:2:47:Infinity":6,"f:34:17:34:22":3,"s:35:10:44:Infinity":7,"f:40:16:40:32":4,"s:40:32:40:Infinity":8},"fnNames":{}}}
,"C:\\Users\\Merlin\\Documents\\repos\\Black_Owned\\packages\\ui\\src\\components\\NotificationBanner.tsx": {"path":"C:\\Users\\Merlin\\Documents\\repos\\Black_Owned\\packages\\ui\\src\\components\\NotificationBanner.tsx","statementMap":{"0":{"start":{"line":13,"column":13},"end":{"line":29,"column":null}},"1":{"start":{"line":19,"column":2},"end":{"line":27,"column":null}}},"fnMap":{"0":{"name":"(anonymous_0)","decl":{"start":{"line":13,"column":13},"end":{"line":13,"column":70}},"loc":{"start":{"line":18,"column":6},"end":{"line":29,"column":null}},"line":18}},"branchMap":{"0":{"loc":{"start":{"line":15,"column":2},"end":{"line":15,"column":null}},"type":"default-arg","locations":[{"start":{"line":15,"column":9},"end":{"line":15,"column":null}}],"line":15},"1":{"loc":{"start":{"line":17,"column":2},"end":{"line":17,"column":null}},"type":"default-arg","locations":[{"start":{"line":17,"column":16},"end":{"line":17,"column":null}}],"line":17},"2":{"loc":{"start":{"line":22,"column":7},"end":{"line":27,"column":null}},"type":"binary-expr","locations":[{"start":{"line":22,"column":7},"end":{"line":22,"column":22}},{"start":{"line":22,"column":22},"end":{"line":22,"column":null}},{"start":{"line":23,"column":8},"end":{"line":27,"column":null}}],"line":22}},"s":{"0":2,"1":11},"f":{"0":11},"b":{"0":[11],"1":[11],"2":[11,10,2]},"meta":{"lastBranch":3,"lastFunction":1,"lastStatement":2,"seen":{"s:13:13:29:Infinity":0,"f:13:13:13:70":0,"b:15:9:15:Infinity":0,"b:17:16:17:Infinity":1,"s:19:2:27:Infinity":1,"b:22:7:22:22:22:22:22:Infinity:23:8:27:Infinity":2},"fnNames":{}}}
,"C:\\Users\\Merlin\\Documents\\repos\\Black_Owned\\packages\\ui\\src\\components\\Pagination.tsx": {"path":"C:\\Users\\Merlin\\Documents\\repos\\Black_Owned\\packages\\ui\\src\\components\\Pagination.tsx","statementMap":{"0":{"start":{"line":11,"column":13},"end":{"line":82,"column":null}},"1":{"start":{"line":17,"column":8},"end":{"line":21,"column":null}},"2":{"start":{"line":18,"column":4},"end":{"line":20,"column":null}},"3":{"start":{"line":19,"column":6},"end":{"line":19,"column":null}},"4":{"start":{"line":23,"column":8},"end":{"line":27,"column":null}},"5":{"start":{"line":24,"column":4},"end":{"line":26,"column":null}},"6":{"start":{"line":25,"column":6},"end":{"line":25,"column":null}},"7":{"start":{"line":29,"column":8},"end":{"line":49,"column":null}},"8":{"start":{"line":30,"column":38},"end":{"line":30,"column":null}},"9":{"start":{"line":31,"column":18},"end":{"line":31,"column":null}},"10":{"start":{"line":32,"column":16},"end":{"line":32,"column":null}},"11":{"start":{"line":34,"column":4},"end":{"line":37,"column":null}},"12":{"start":{"line":35,"column":6},"end":{"line":35,"column":null}},"13":{"start":{"line":36,"column":6},"end":{"line":36,"column":null}},"14":{"start":{"line":36,"column":21},"end":{"line":36,"column":null}},"15":{"start":{"line":39,"column":4},"end":{"line":41,"column":null}},"16":{"start":{"line":39,"column":17},"end":{"line":39,"column":24}},"17":{"start":{"line":40,"column":6},"end":{"line":40,"column":null}},"18":{"start":{"line":43,"column":4},"end":{"line":46,"column":null}},"19":{"start":{"line":44,"column":6},"end":{"line":44,"column":null}},"20":{"start":{"line":44,"column":32},"end":{"line":44,"column":null}},"21":{"start":{"line":45,"column":6},"end":{"line":45,"column":null}},"22":{"start":{"line":48,"column":4},"end":{"line":48,"column":null}},"23":{"start":{"line":51,"column":2},"end":{"line":80,"column":null}},"24":{"start":{"line":62,"column":10},"end":{"line":70,"column":null}},"25":{"start":{"line":65,"column":29},"end":{"line":65,"column":null}}},"fnMap":{"0":{"name":"(anonymous_0)","decl":{"start":{"line":11,"column":13},"end":{"line":11,"column":54}},"loc":{"start":{"line":16,"column":6},"end":{"line":82,"column":null}},"line":16},"1":{"name":"(anonymous_1)","decl":{"start":{"line":17,"column":8},"end":{"line":17,"column":31}},"loc":{"start":{"line":17,"column":31},"end":{"line":21,"column":null}},"line":17},"2":{"name":"(anonymous_2)","decl":{"start":{"line":23,"column":8},"end":{"line":23,"column":27}},"loc":{"start":{"line":23,"column":27},"end":{"line":27,"column":null}},"line":23},"3":{"name":"(anonymous_3)","decl":{"start":{"line":29,"column":8},"end":{"line":29,"column":51}},"loc":{"start":{"line":29,"column":51},"end":{"line":49,"column":null}},"line":29},"4":{"name":"(anonymous_4)","decl":{"start":{"line":61,"column":26},"end":{"line":61,"column":31}},"loc":{"start":{"line":62,"column":10},"end":{"line":70,"column":null}},"line":62},"5":{"name":"(anonymous_5)","decl":{"start":{"line":65,"column":14},"end":{"line":65,"column":29}},"loc":{"start":{"line":65,"column":29},"end":{"line":65,"column":null}},"line":65}},"branchMap":{"0":{"loc":{"start":{"line":15,"column":2},"end":{"line":15,"column":null}},"type":"default-arg","locations":[{"start":{"line":15,"column":17},"end":{"line":15,"column":null}}],"line":15},"1":{"loc":{"start":{"line":18,"column":4},"end":{"line":20,"column":null}},"type":"if","locations":[{"start":{"line":18,"column":4},"end":{"line":20,"column":null}},{"start":{},"end":{}}],"line":18},"2":{"loc":{"start":{"line":24,"column":4},"end":{"line":26,"column":null}},"type":"if","locations":[{"start":{"line":24,"column":4},"end":{"line":26,"column":null}},{"start":{},"end":{}}],"line":24},"3":{"loc":{"start":{"line":34,"column":4},"end":{"line":37,"column":null}},"type":"if","locations":[{"start":{"line":34,"column":4},"end":{"line":37,"column":null}},{"start":{},"end":{}}],"line":34},"4":{"loc":{"start":{"line":36,"column":6},"end":{"line":36,"column":null}},"type":"if","locations":[{"start":{"line":36,"column":6},"end":{"line":36,"column":null}},{"start":{},"end":{}}],"line":36},"5":{"loc":{"start":{"line":43,"column":4},"end":{"line":46,"column":null}},"type":"if","locations":[{"start":{"line":43,"column":4},"end":{"line":46,"column":null}},{"start":{},"end":{}}],"line":43},"6":{"loc":{"start":{"line":44,"column":6},"end":{"line":44,"column":null}},"type":"if","locations":[{"start":{"line":44,"column":6},"end":{"line":44,"column":null}},{"start":{},"end":{}}],"line":44},"7":{"loc":{"start":{"line":64,"column":25},"end":{"line":64,"column":null}},"type":"cond-expr","locations":[{"start":{"line":64,"column":48},"end":{"line":64,"column":64}},{"start":{"line":64,"column":64},"end":{"line":64,"column":null}}],"line":64},"8":{"loc":{"start":{"line":65,"column":29},"end":{"line":65,"column":null}},"type":"binary-expr","locations":[{"start":{"line":65,"column":29},"end":{"line":65,"column":57}},{"start":{"line":65,"column":57},"end":{"line":65,"column":null}}],"line":65}},"s":{"0":2,"1":12,"2":1,"3":1,"4":12,"5":1,"6":1,"7":12,"8":12,"9":12,"10":12,"11":12,"12":4,"13":4,"14":2,"15":12,"16":12,"17":28,"18":12,"19":11,"20":9,"21":11,"22":12,"23":12,"24":54,"25":1},"f":{"0":12,"1":1,"2":1,"3":12,"4":54,"5":1},"b":{"0":[12],"1":[1,0],"2":[1,0],"3":[4,8],"4":[2,2],"5":[11,1],"6":[9,2],"7":[12,42],"8":[1,1]},"meta":{"lastBranch":9,"lastFunction":6,"lastStatement":26,"seen":{"s:11:13:82:Infinity":0,"f:11:13:11:54":0,"b:15:17:15:Infinity":0,"s:17:8:21:Infinity":1,"f:17:8:17:31":1,"b:18:4:20:Infinity:undefined:undefined:undefined:undefined":1,"s:18:4:20:Infinity":2,"s:19:6:19:Infinity":3,"s:23:8:27:Infinity":4,"f:23:8:23:27":2,"b:24:4:26:Infinity:undefined:undefined:undefined:undefined":2,"s:24:4:26:Infinity":5,"s:25:6:25:Infinity":6,"s:29:8:49:Infinity":7,"f:29:8:29:51":3,"s:30:38:30:Infinity":8,"s:31:18:31:Infinity":9,"s:32:16:32:Infinity":10,"b:34:4:37:Infinity:undefined:undefined:undefined:undefined":3,"s:34:4:37:Infinity":11,"s:35:6:35:Infinity":12,"b:36:6:36:Infinity:undefined:undefined:undefined:undefined":4,"s:36:6:36:Infinity":13,"s:36:21:36:Infinity":14,"s:39:4:41:Infinity":15,"s:39:17:39:24":16,"s:40:6:40:Infinity":17,"b:43:4:46:Infinity:undefined:undefined:undefined:undefined":5,"s:43:4:46:Infinity":18,"b:44:6:44:Infinity:undefined:undefined:undefined:undefined":6,"s:44:6:44:Infinity":19,"s:44:32:44:Infinity":20,"s:45:6:45:Infinity":21,"s:48:4:48:Infinity":22,"s:51:2:80:Infinity":23,"f:61:26:61:31":4,"s:62:10:70:Infinity":24,"b:64:48:64:64:64:64:64:Infinity":7,"f:65:14:65:29":5,"s:65:29:65:Infinity":25,"b:65:29:65:57:65:57:65:Infinity":8},"fnNames":{}}}
,"C:\\Users\\Merlin\\Documents\\repos\\Black_Owned\\packages\\ui\\src\\components\\SearchBar.tsx": {"path":"C:\\Users\\Merlin\\Documents\\repos\\Black_Owned\\packages\\ui\\src\\components\\SearchBar.tsx","statementMap":{"0":{"start":{"line":11,"column":13},"end":{"line":33,"column":null}},"1":{"start":{"line":17,"column":8},"end":{"line":21,"column":null}},"2":{"start":{"line":18,"column":4},"end":{"line":20,"column":null}},"3":{"start":{"line":19,"column":6},"end":{"line":19,"column":null}},"4":{"start":{"line":23,"column":2},"end":{"line":31,"column":null}},"5":{"start":{"line":29,"column":23},"end":{"line":29,"column":null}}},"fnMap":{"0":{"name":"(anonymous_0)","decl":{"start":{"line":11,"column":13},"end":{"line":11,"column":52}},"loc":{"start":{"line":16,"column":6},"end":{"line":33,"column":null}},"line":16},"1":{"name":"(anonymous_1)","decl":{"start":{"line":17,"column":8},"end":{"line":17,"column":25}},"loc":{"start":{"line":17,"column":70},"end":{"line":21,"column":null}},"line":17},"2":{"name":"(anonymous_2)","decl":{"start":{"line":29,"column":6},"end":{"line":29,"column":17}},"loc":{"start":{"line":29,"column":23},"end":{"line":29,"column":null}},"line":29}},"branchMap":{"0":{"loc":{"start":{"line":12,"column":2},"end":{"line":12,"column":null}},"type":"default-arg","locations":[{"start":{"line":12,"column":16},"end":{"line":12,"column":null}}],"line":12},"1":{"loc":{"start":{"line":18,"column":4},"end":{"line":20,"column":null}},"type":"if","locations":[{"start":{"line":18,"column":4},"end":{"line":20,"column":null}},{"start":{},"end":{}}],"line":18},"2":{"loc":{"start":{"line":18,"column":8},"end":{"line":18,"column":39}},"type":"binary-expr","locations":[{"start":{"line":18,"column":8},"end":{"line":18,"column":29}},{"start":{"line":18,"column":29},"end":{"line":18,"column":39}}],"line":18}},"s":{"0":2,"1":10,"2":2,"3":1,"4":10,"5":1},"f":{"0":10,"1":2,"2":1},"b":{"0":[10],"1":[1,1],"2":[2,1]},"meta":{"lastBranch":3,"lastFunction":3,"lastStatement":6,"seen":{"s:11:13:33:Infinity":0,"f:11:13:11:52":0,"b:12:16:12:Infinity":0,"s:17:8:21:Infinity":1,"f:17:8:17:25":1,"b:18:4:20:Infinity:undefined:undefined:undefined:undefined":1,"s:18:4:20:Infinity":2,"b:18:8:18:29:18:29:18:39":2,"s:19:6:19:Infinity":3,"s:23:2:31:Infinity":4,"f:29:6:29:17":2,"s:29:23:29:Infinity":5},"fnNames":{}}}
,"C:\\Users\\Merlin\\Documents\\repos\\Black_Owned\\packages\\ui\\src\\components\\StarRating.tsx": {"path":"C:\\Users\\Merlin\\Documents\\repos\\Black_Owned\\packages\\ui\\src\\components\\StarRating.tsx","statementMap":{"0":{"start":{"line":11,"column":13},"end":{"line":38,"column":null}},"1":{"start":{"line":17,"column":8},"end":{"line":21,"column":null}},"2":{"start":{"line":18,"column":4},"end":{"line":20,"column":null}},"3":{"start":{"line":19,"column":6},"end":{"line":19,"column":null}},"4":{"start":{"line":23,"column":2},"end":{"line":36,"column":null}},"5":{"start":{"line":25,"column":50},"end":{"line":25,"column":55}},"6":{"start":{"line":26,"column":8},"end":{"line":34,"column":null}},"7":{"start":{"line":29,"column":25},"end":{"line":29,"column":null}}},"fnMap":{"0":{"name":"(anonymous_0)","decl":{"start":{"line":11,"column":13},"end":{"line":11,"column":54}},"loc":{"start":{"line":16,"column":6},"end":{"line":38,"column":null}},"line":16},"1":{"name":"(anonymous_1)","decl":{"start":{"line":17,"column":8},"end":{"line":17,"column":23}},"loc":{"start":{"line":17,"column":40},"end":{"line":21,"column":null}},"line":17},"2":{"name":"(anonymous_2)","decl":{"start":{"line":25,"column":37},"end":{"line":25,"column":41}},"loc":{"start":{"line":25,"column":50},"end":{"line":25,"column":55}},"line":25},"3":{"name":"(anonymous_3)","decl":{"start":{"line":25,"column":57},"end":{"line":25,"column":62}},"loc":{"start":{"line":26,"column":8},"end":{"line":34,"column":null}},"line":26},"4":{"name":"(anonymous_4)","decl":{"start":{"line":29,"column":10},"end":{"line":29,"column":25}},"loc":{"start":{"line":29,"column":25},"end":{"line":29,"column":null}},"line":29}},"branchMap":{"0":{"loc":{"start":{"line":13,"column":2},"end":{"line":13,"column":null}},"type":"default-arg","locations":[{"start":{"line":13,"column":13},"end":{"line":13,"column":null}}],"line":13},"1":{"loc":{"start":{"line":14,"column":2},"end":{"line":14,"column":null}},"type":"default-arg","locations":[{"start":{"line":14,"column":16},"end":{"line":14,"column":null}}],"line":14},"2":{"loc":{"start":{"line":18,"column":4},"end":{"line":20,"column":null}},"type":"if","locations":[{"start":{"line":18,"column":4},"end":{"line":20,"column":null}},{"start":{},"end":{}}],"line":18},"3":{"loc":{"start":{"line":18,"column":8},"end":{"line":18,"column":39}},"type":"binary-expr","locations":[{"start":{"line":18,"column":8},"end":{"line":18,"column":23}},{"start":{"line":18,"column":23},"end":{"line":18,"column":39}}],"line":18},"4":{"loc":{"start":{"line":28,"column":39},"end":{"line":28,"column":75}},"type":"cond-expr","locations":[{"start":{"line":28,"column":56},"end":{"line":28,"column":72}},{"start":{"line":28,"column":72},"end":{"line":28,"column":75}}],"line":28},"5":{"loc":{"start":{"line":28,"column":78},"end":{"line":28,"column":null}},"type":"cond-expr","locations":[{"start":{"line":28,"column":92},"end":{"line":28,"column":111}},{"start":{"line":28,"column":111},"end":{"line":28,"column":null}}],"line":28},"6":{"loc":{"start":{"line":30,"column":16},"end":{"line":30,"column":null}},"type":"cond-expr","locations":[{"start":{"line":30,"column":30},"end":{"line":30,"column":41}},{"start":{"line":30,"column":41},"end":{"line":30,"column":null}}],"line":30},"7":{"loc":{"start":{"line":31,"column":20},"end":{"line":31,"column":null}},"type":"cond-expr","locations":[{"start":{"line":31,"column":34},"end":{"line":31,"column":38}},{"start":{"line":31,"column":38},"end":{"line":31,"column":null}}],"line":31},"8":{"loc":{"start":{"line":33,"column":11},"end":{"line":33,"column":null}},"type":"cond-expr","locations":[{"start":{"line":33,"column":28},"end":{"line":33,"column":34}},{"start":{"line":33,"column":34},"end":{"line":33,"column":null}}],"line":33}},"s":{"0":1,"1":9,"2":2,"3":1,"4":9,"5":50,"6":50,"7":2},"f":{"0":9,"1":2,"2":50,"3":50,"4":2},"b":{"0":[9],"1":[9],"2":[1,1],"3":[2,1],"4":[25,25],"5":[15,35],"6":[15,35],"7":[15,35],"8":[25,25]},"meta":{"lastBranch":9,"lastFunction":5,"lastStatement":8,"seen":{"s:11:13:38:Infinity":0,"f:11:13:11:54":0,"b:13:13:13:Infinity":0,"b:14:16:14:Infinity":1,"s:17:8:21:Infinity":1,"f:17:8:17:23":1,"b:18:4:20:Infinity:undefined:undefined:undefined:undefined":2,"s:18:4:20:Infinity":2,"b:18:8:18:23:18:23:18:39":3,"s:19:6:19:Infinity":3,"s:23:2:36:Infinity":4,"f:25:37:25:41":2,"s:25:50:25:55":5,"f:25:57:25:62":3,"s:26:8:34:Infinity":6,"b:28:56:28:72:28:72:28:75":4,"b:28:92:28:111:28:111:28:Infinity":5,"f:29:10:29:25":4,"s:29:25:29:Infinity":7,"b:30:30:30:41:30:41:30:Infinity":6,"b:31:34:31:38:31:38:31:Infinity":7,"b:33:28:33:34:33:34:33:Infinity":8},"fnNames":{}}}
,"C:\\Users\\Merlin\\Documents\\repos\\Black_Owned\\packages\\ui\\src\\components\\VerifiedBadge.tsx": {"path":"C:\\Users\\Merlin\\Documents\\repos\\Black_Owned\\packages\\ui\\src\\components\\VerifiedBadge.tsx","statementMap":{"0":{"start":{"line":9,"column":13},"end":{"line":19,"column":null}},"1":{"start":{"line":13,"column":2},"end":{"line":17,"column":null}}},"fnMap":{"0":{"name":"(anonymous_0)","decl":{"start":{"line":9,"column":13},"end":{"line":9,"column":60}},"loc":{"start":{"line":12,"column":6},"end":{"line":19,"column":null}},"line":12}},"branchMap":{"0":{"loc":{"start":{"line":10,"column":2},"end":{"line":10,"column":null}},"type":"default-arg","locations":[{"start":{"line":10,"column":13},"end":{"line":10,"column":null}}],"line":10},"1":{"loc":{"start":{"line":14,"column":48},"end":{"line":14,"column":null}},"type":"cond-expr","locations":[{"start":{"line":14,"column":59},"end":{"line":14,"column":77}},{"start":{"line":14,"column":77},"end":{"line":14,"column":null}}],"line":14},"2":{"loc":{"start":{"line":15,"column":7},"end":{"line":15,"column":null}},"type":"cond-expr","locations":[{"start":{"line":15,"column":18},"end":{"line":15,"column":24}},{"start":{"line":15,"column":24},"end":{"line":15,"column":null}}],"line":15},"3":{"loc":{"start":{"line":16,"column":7},"end":{"line":17,"column":null}},"type":"binary-expr","locations":[{"start":{"line":16,"column":7},"end":{"line":16,"column":16}},{"start":{"line":16,"column":16},"end":{"line":17,"column":null}}],"line":16}},"s":{"0":1,"1":8},"f":{"0":8},"b":{"0":[8],"1":[6,2],"2":[6,2],"3":[8,2]},"meta":{"lastBranch":4,"lastFunction":1,"lastStatement":2,"seen":{"s:9:13:19:Infinity":0,"f:9:13:9:60":0,"b:10:13:10:Infinity":0,"s:13:2:17:Infinity":1,"b:14:59:14:77:14:77:14:Infinity":1,"b:15:18:15:24:15:24:15:Infinity":2,"b:16:7:16:16:16:16:17:Infinity":3},"fnNames":{}}}
}
